{
  "numTotalTestSuites": 230,
  "numPassedTestSuites": 230,
  "numFailedTestSuites": 0,
  "numPendingTestSuites": 0,
  "numTotalTests": 573,
  "numPassedTests": 573,
  "numFailedTests": 0,
  "numPendingTests": 0,
  "numTodoTests": 0,
  "snapshot": {
    "added": 0,
    "failure": false,
    "filesAdded": 0,
    "filesRemoved": 0,
    "filesRemovedList": [],
    "filesUnmatched": 0,
    "filesUpdated": 0,
    "matched": 0,
    "total": 0,
    "unchecked": 0,
    "uncheckedKeysByFile": [],
    "unmatched": 0,
    "updated": 0,
    "didUpdate": false
  },
  "startTime": 1764358673646,
  "success": true,
  "testResults": [
    {
      "assertionResults": [
        {
          "ancestorTitles": ["API Client", "Request Handling"],
          "fullName": "API Client Request Handling should make GET request successfully",
          "status": "passed",
          "title": "should make GET request successfully",
          "duration": 29.103899999999157,
          "failureMessages": [],
          "location": { "line": 39, "column": 5 },
          "meta": {}
        },
        {
          "ancestorTitles": ["API Client", "Request Handling"],
          "fullName": "API Client Request Handling should make POST request with body",
          "status": "passed",
          "title": "should make POST request with body",
          "duration": 1.7777999999998428,
          "failureMessages": [],
          "location": { "line": 56, "column": 5 },
          "meta": {}
        },
        {
          "ancestorTitles": ["API Client", "Request Handling"],
          "fullName": "API Client Request Handling should include auth token in headers",
          "status": "passed",
          "title": "should include auth token in headers",
          "duration": 5.076000000000022,
          "failureMessages": [],
          "location": { "line": 74, "column": 5 },
          "meta": {}
        },
        {
          "ancestorTitles": ["API Client", "Request Handling"],
          "fullName": "API Client Request Handling should handle network errors",
          "status": "passed",
          "title": "should handle network errors",
          "duration": 5.767700000000332,
          "failureMessages": [],
          "location": { "line": 96, "column": 5 },
          "meta": {}
        },
        {
          "ancestorTitles": ["API Client", "Request Handling"],
          "fullName": "API Client Request Handling should handle timeout errors",
          "status": "passed",
          "title": "should handle timeout errors",
          "duration": 109.76819999999952,
          "failureMessages": [],
          "location": { "line": 109, "column": 5 },
          "meta": {}
        },
        {
          "ancestorTitles": ["API Client", "Error Handling"],
          "fullName": "API Client Error Handling should parse 401 error correctly",
          "status": "passed",
          "title": "should parse 401 error correctly",
          "duration": 3.454000000000633,
          "failureMessages": [],
          "location": { "line": 128, "column": 5 },
          "meta": {}
        },
        {
          "ancestorTitles": ["API Client", "Error Handling"],
          "fullName": "API Client Error Handling should parse validation errors correctly",
          "status": "passed",
          "title": "should parse validation errors correctly",
          "duration": 2.9666000000006534,
          "failureMessages": [],
          "location": { "line": 150, "column": 5 },
          "meta": {}
        },
        {
          "ancestorTitles": ["Authentication Service", "Login"],
          "fullName": "Authentication Service Login should login successfully with demo credentials",
          "status": "passed",
          "title": "should login successfully with demo credentials",
          "duration": 803.8666999999987,
          "failureMessages": [],
          "location": { "line": 185, "column": 5 },
          "meta": {}
        },
        {
          "ancestorTitles": ["Authentication Service", "Login"],
          "fullName": "Authentication Service Login should reject invalid credentials",
          "status": "passed",
          "title": "should reject invalid credentials",
          "duration": 802.3448000000008,
          "failureMessages": [],
          "location": { "line": 200, "column": 5 },
          "meta": {}
        },
        {
          "ancestorTitles": ["Authentication Service", "Login"],
          "fullName": "Authentication Service Login should store token in localStorage when rememberMe is true",
          "status": "passed",
          "title": "should store token in localStorage when rememberMe is true",
          "duration": 804.2039999999997,
          "failureMessages": [],
          "location": { "line": 214, "column": 5 },
          "meta": {}
        },
        {
          "ancestorTitles": ["Authentication Service", "Register"],
          "fullName": "Authentication Service Register should register new user successfully",
          "status": "passed",
          "title": "should register new user successfully",
          "duration": 1003.8112999999994,
          "failureMessages": [],
          "location": { "line": 229, "column": 5 },
          "meta": {}
        },
        {
          "ancestorTitles": ["Authentication Service", "Register"],
          "fullName": "Authentication Service Register should reject duplicate email",
          "status": "passed",
          "title": "should reject duplicate email",
          "duration": 1001.4761999999992,
          "failureMessages": [],
          "location": { "line": 248, "column": 5 },
          "meta": {}
        },
        {
          "ancestorTitles": ["Authentication Service", "Register"],
          "fullName": "Authentication Service Register should reject password mismatch",
          "status": "passed",
          "title": "should reject password mismatch",
          "duration": 1001.0391999999993,
          "failureMessages": [],
          "location": { "line": 266, "column": 5 },
          "meta": {}
        },
        {
          "ancestorTitles": ["Authentication Service", "Logout"],
          "fullName": "Authentication Service Logout should clear auth data on logout",
          "status": "passed",
          "title": "should clear auth data on logout",
          "duration": 1103.4331000000002,
          "failureMessages": [],
          "location": { "line": 286, "column": 5 },
          "meta": {}
        },
        {
          "ancestorTitles": ["Progress Service"],
          "fullName": "Progress Service should update component progress",
          "status": "passed",
          "title": "should update component progress",
          "duration": 301.64350000000013,
          "failureMessages": [],
          "location": { "line": 311, "column": 3 },
          "meta": {}
        },
        {
          "ancestorTitles": ["Progress Service"],
          "fullName": "Progress Service should get all progress",
          "status": "passed",
          "title": "should get all progress",
          "duration": 1005.0967999999993,
          "failureMessages": [],
          "location": { "line": 324, "column": 3 },
          "meta": {}
        },
        {
          "ancestorTitles": ["Progress Service"],
          "fullName": "Progress Service should calculate category progress correctly",
          "status": "passed",
          "title": "should calculate category progress correctly",
          "duration": 0.8227999999999156,
          "failureMessages": [],
          "location": { "line": 334, "column": 3 },
          "meta": {}
        },
        {
          "ancestorTitles": ["Assessment Service"],
          "fullName": "Assessment Service should get quiz by ID",
          "status": "passed",
          "title": "should get quiz by ID",
          "duration": 400.7051999999985,
          "failureMessages": [],
          "location": { "line": 367, "column": 3 },
          "meta": {}
        },
        {
          "ancestorTitles": ["Assessment Service"],
          "fullName": "Assessment Service should submit quiz and calculate score",
          "status": "passed",
          "title": "should submit quiz and calculate score",
          "duration": 1604.4743999999992,
          "failureMessages": [],
          "location": { "line": 376, "column": 3 },
          "meta": {}
        },
        {
          "ancestorTitles": ["Assessment Service"],
          "fullName": "Assessment Service should store quiz attempts",
          "status": "passed",
          "title": "should store quiz attempts",
          "duration": 1903.4287000000004,
          "failureMessages": [],
          "location": { "line": 399, "column": 3 },
          "meta": {}
        },
        {
          "ancestorTitles": ["User Service"],
          "fullName": "User Service should get user profile",
          "status": "passed",
          "title": "should get user profile",
          "duration": 1101.3757000000005,
          "failureMessages": [],
          "location": { "line": 437, "column": 3 },
          "meta": {}
        },
        {
          "ancestorTitles": ["User Service"],
          "fullName": "User Service should update user profile",
          "status": "passed",
          "title": "should update user profile",
          "duration": 1301.9147999999986,
          "failureMessages": [],
          "location": { "line": 444, "column": 3 },
          "meta": {}
        },
        {
          "ancestorTitles": ["User Service"],
          "fullName": "User Service should get user settings",
          "status": "passed",
          "title": "should get user settings",
          "duration": 1119.1054999999978,
          "failureMessages": [],
          "location": { "line": 456, "column": 3 },
          "meta": {}
        },
        {
          "ancestorTitles": ["User Service"],
          "fullName": "User Service should update user settings",
          "status": "passed",
          "title": "should update user settings",
          "duration": 1503.7297999999973,
          "failureMessages": [],
          "location": { "line": 464, "column": 3 },
          "meta": {}
        }
      ],
      "startTime": 1764358681211,
      "endTime": 1764358698134.7297,
      "status": "passed",
      "message": "",
      "name": "C:/Users/brand/Development/Project_Workspace/active-development/learn_comptia_network+/tests/integration/api-integration.test.ts"
    },
    {
      "assertionResults": [
        {
          "ancestorTitles": ["Login Flow"],
          "fullName": "Login Flow should render login form",
          "status": "passed",
          "title": "should render login form",
          "duration": 309.5072,
          "failureMessages": [],
          "location": { "line": 33, "column": 3 },
          "meta": {}
        },
        {
          "ancestorTitles": ["Login Flow"],
          "fullName": "Login Flow should validate email format",
          "status": "passed",
          "title": "should validate email format",
          "duration": 409.85379999999986,
          "failureMessages": [],
          "location": { "line": 45, "column": 3 },
          "meta": {}
        },
        {
          "ancestorTitles": ["Login Flow"],
          "fullName": "Login Flow should require password",
          "status": "passed",
          "title": "should require password",
          "duration": 263.6706000000004,
          "failureMessages": [],
          "location": { "line": 65, "column": 3 },
          "meta": {}
        },
        {
          "ancestorTitles": ["Login Flow"],
          "fullName": "Login Flow should login successfully with valid credentials",
          "status": "passed",
          "title": "should login successfully with valid credentials",
          "duration": 312.9397999999992,
          "failureMessages": [],
          "location": { "line": 85, "column": 3 },
          "meta": {}
        },
        {
          "ancestorTitles": ["Login Flow"],
          "fullName": "Login Flow should show error for invalid credentials",
          "status": "passed",
          "title": "should show error for invalid credentials",
          "duration": 283.3783999999996,
          "failureMessages": [],
          "location": { "line": 110, "column": 3 },
          "meta": {}
        },
        {
          "ancestorTitles": ["Login Flow"],
          "fullName": "Login Flow should remember user when remember me is checked",
          "status": "passed",
          "title": "should remember user when remember me is checked",
          "duration": 388.3675999999996,
          "failureMessages": [],
          "location": { "line": 136, "column": 3 },
          "meta": {}
        },
        {
          "ancestorTitles": ["Registration Flow"],
          "fullName": "Registration Flow should render registration form",
          "status": "passed",
          "title": "should render registration form",
          "duration": 42.77509999999893,
          "failureMessages": [],
          "location": { "line": 175, "column": 3 },
          "meta": {}
        },
        {
          "ancestorTitles": ["Registration Flow"],
          "fullName": "Registration Flow should validate password strength",
          "status": "passed",
          "title": "should validate password strength",
          "duration": 101.09380000000056,
          "failureMessages": [],
          "location": { "line": 190, "column": 3 },
          "meta": {}
        },
        {
          "ancestorTitles": ["Registration Flow"],
          "fullName": "Registration Flow should validate password match",
          "status": "passed",
          "title": "should validate password match",
          "duration": 725.3744000000006,
          "failureMessages": [],
          "location": { "line": 212, "column": 3 },
          "meta": {}
        },
        {
          "ancestorTitles": ["Registration Flow"],
          "fullName": "Registration Flow should register successfully with valid data",
          "status": "passed",
          "title": "should register successfully with valid data",
          "duration": 537.6982000000007,
          "failureMessages": [],
          "location": { "line": 242, "column": 3 },
          "meta": {}
        },
        {
          "ancestorTitles": ["Session Management"],
          "fullName": "Session Management should restore session from storage",
          "status": "passed",
          "title": "should restore session from storage",
          "duration": 1.3963999999996304,
          "failureMessages": [],
          "location": { "line": 280, "column": 3 },
          "meta": {}
        },
        {
          "ancestorTitles": ["Session Management"],
          "fullName": "Session Management should clear session on logout",
          "status": "passed",
          "title": "should clear session on logout",
          "duration": 0.6859999999996944,
          "failureMessages": [],
          "location": { "line": 305, "column": 3 },
          "meta": {}
        }
      ],
      "startTime": 1764358681034,
      "endTime": 1764358684412.686,
      "status": "passed",
      "message": "",
      "name": "C:/Users/brand/Development/Project_Workspace/active-development/learn_comptia_network+/tests/integration/auth-flow.test.tsx"
    },
    {
      "assertionResults": [
        {
          "ancestorTitles": ["Quiz Component Integration", "Quiz Flow"],
          "fullName": "Quiz Component Integration Quiz Flow should render quiz with questions",
          "status": "passed",
          "title": "should render quiz with questions",
          "duration": 3.208400000000438,
          "failureMessages": [],
          "location": { "line": 16, "column": 5 },
          "meta": {}
        },
        {
          "ancestorTitles": ["Quiz Component Integration", "Quiz Flow"],
          "fullName": "Quiz Component Integration Quiz Flow should handle answer selection",
          "status": "passed",
          "title": "should handle answer selection",
          "duration": 2.2618999999999687,
          "failureMessages": [],
          "location": { "line": 31, "column": 5 },
          "meta": {}
        },
        {
          "ancestorTitles": ["Quiz Component Integration", "Quiz Flow"],
          "fullName": "Quiz Component Integration Quiz Flow should calculate and display score",
          "status": "passed",
          "title": "should calculate and display score",
          "duration": 0.6397999999999229,
          "failureMessages": [],
          "location": { "line": 41, "column": 5 },
          "meta": {}
        },
        {
          "ancestorTitles": ["Quiz Component Integration", "Quiz Flow"],
          "fullName": "Quiz Component Integration Quiz Flow should track quiz progress",
          "status": "passed",
          "title": "should track quiz progress",
          "duration": 0.6808999999998377,
          "failureMessages": [],
          "location": { "line": 52, "column": 5 },
          "meta": {}
        },
        {
          "ancestorTitles": ["Quiz Component Integration", "Quiz Flow"],
          "fullName": "Quiz Component Integration Quiz Flow should handle quiz completion",
          "status": "passed",
          "title": "should handle quiz completion",
          "duration": 0.360700000000179,
          "failureMessages": [],
          "location": { "line": 64, "column": 5 },
          "meta": {}
        },
        {
          "ancestorTitles": ["Quiz Component Integration", "Interactive Diagram Integration"],
          "fullName": "Quiz Component Integration Interactive Diagram Integration should handle node selection in network diagram",
          "status": "passed",
          "title": "should handle node selection in network diagram",
          "duration": 0.5470000000000255,
          "failureMessages": [],
          "location": { "line": 80, "column": 5 },
          "meta": {}
        },
        {
          "ancestorTitles": ["Quiz Component Integration", "Interactive Diagram Integration"],
          "fullName": "Quiz Component Integration Interactive Diagram Integration should validate cable connections",
          "status": "passed",
          "title": "should validate cable connections",
          "duration": 0.34049999999979264,
          "failureMessages": [],
          "location": { "line": 89, "column": 5 },
          "meta": {}
        },
        {
          "ancestorTitles": ["Quiz Component Integration", "Interactive Diagram Integration"],
          "fullName": "Quiz Component Integration Interactive Diagram Integration should detect topology errors",
          "status": "passed",
          "title": "should detect topology errors",
          "duration": 0.39350000000013097,
          "failureMessages": [],
          "location": { "line": 100, "column": 5 },
          "meta": {}
        },
        {
          "ancestorTitles": ["Quiz Component Integration", "Progress Tracking Integration"],
          "fullName": "Quiz Component Integration Progress Tracking Integration should track module completion",
          "status": "passed",
          "title": "should track module completion",
          "duration": 0.4592000000002372,
          "failureMessages": [],
          "location": { "line": 117, "column": 5 },
          "meta": {}
        },
        {
          "ancestorTitles": ["Quiz Component Integration", "Progress Tracking Integration"],
          "fullName": "Quiz Component Integration Progress Tracking Integration should calculate overall progress",
          "status": "passed",
          "title": "should calculate overall progress",
          "duration": 0.3346999999998843,
          "failureMessages": [],
          "location": { "line": 127, "column": 5 },
          "meta": {}
        },
        {
          "ancestorTitles": ["Quiz Component Integration", "Progress Tracking Integration"],
          "fullName": "Quiz Component Integration Progress Tracking Integration should update progress on activity completion",
          "status": "passed",
          "title": "should update progress on activity completion",
          "duration": 1.0838999999996304,
          "failureMessages": [],
          "location": { "line": 142, "column": 5 },
          "meta": {}
        },
        {
          "ancestorTitles": ["Quiz Component Integration", "User Authentication Integration"],
          "fullName": "Quiz Component Integration User Authentication Integration should handle user login",
          "status": "passed",
          "title": "should handle user login",
          "duration": 0.9002999999997883,
          "failureMessages": [],
          "location": { "line": 154, "column": 5 },
          "meta": {}
        },
        {
          "ancestorTitles": ["Quiz Component Integration", "User Authentication Integration"],
          "fullName": "Quiz Component Integration User Authentication Integration should persist user session",
          "status": "passed",
          "title": "should persist user session",
          "duration": 0.7226000000000568,
          "failureMessages": [],
          "location": { "line": 163, "column": 5 },
          "meta": {}
        },
        {
          "ancestorTitles": ["Quiz Component Integration", "Data Persistence Integration"],
          "fullName": "Quiz Component Integration Data Persistence Integration should save quiz progress to localStorage",
          "status": "passed",
          "title": "should save quiz progress to localStorage",
          "duration": 0.7627000000002226,
          "failureMessages": [],
          "location": { "line": 179, "column": 5 },
          "meta": {}
        },
        {
          "ancestorTitles": ["Quiz Component Integration", "Data Persistence Integration"],
          "fullName": "Quiz Component Integration Data Persistence Integration should restore quiz state from localStorage",
          "status": "passed",
          "title": "should restore quiz state from localStorage",
          "duration": 0.6231999999999971,
          "failureMessages": [],
          "location": { "line": 194, "column": 5 },
          "meta": {}
        }
      ],
      "startTime": 1764358682348,
      "endTime": 1764358682363.6233,
      "status": "passed",
      "message": "",
      "name": "C:/Users/brand/Development/Project_Workspace/active-development/learn_comptia_network+/tests/integration/components.test.ts"
    },
    {
      "assertionResults": [
        {
          "ancestorTitles": ["Navigation Integration", "Route Navigation"],
          "fullName": "Navigation Integration Route Navigation should render the layout with navigation",
          "status": "passed",
          "title": "should render the layout with navigation",
          "duration": 212.14959999999974,
          "failureMessages": [],
          "location": { "line": 50, "column": 5 },
          "meta": {}
        },
        {
          "ancestorTitles": ["Navigation Integration", "Route Navigation"],
          "fullName": "Navigation Integration Route Navigation should navigate to cloud architecture via sidebar",
          "status": "passed",
          "title": "should navigate to cloud architecture via sidebar",
          "duration": 385.174,
          "failureMessages": [],
          "location": { "line": 61, "column": 5 },
          "meta": {}
        },
        {
          "ancestorTitles": ["Navigation Integration", "Route Navigation"],
          "fullName": "Navigation Integration Route Navigation should navigate to protocol trainer via sidebar",
          "status": "passed",
          "title": "should navigate to protocol trainer via sidebar",
          "duration": 249.72190000000046,
          "failureMessages": [],
          "location": { "line": 77, "column": 5 },
          "meta": {}
        },
        {
          "ancestorTitles": ["Navigation Integration", "Route Navigation"],
          "fullName": "Navigation Integration Route Navigation should navigate to media selection via sidebar",
          "status": "passed",
          "title": "should navigate to media selection via sidebar",
          "duration": 214.6236999999992,
          "failureMessages": [],
          "location": { "line": 93, "column": 5 },
          "meta": {}
        },
        {
          "ancestorTitles": ["Navigation Integration", "Route Navigation"],
          "fullName": "Navigation Integration Route Navigation should navigate back to home",
          "status": "passed",
          "title": "should navigate back to home",
          "duration": 211.08740000000034,
          "failureMessages": [],
          "location": { "line": 109, "column": 5 },
          "meta": {}
        },
        {
          "ancestorTitles": ["Navigation Integration", "Sidebar Navigation"],
          "fullName": "Navigation Integration Sidebar Navigation should display sidebar with navigation sections",
          "status": "passed",
          "title": "should display sidebar with navigation sections",
          "duration": 106.40660000000025,
          "failureMessages": [],
          "location": { "line": 128, "column": 5 },
          "meta": {}
        },
        {
          "ancestorTitles": ["Navigation Integration", "Sidebar Navigation"],
          "fullName": "Navigation Integration Sidebar Navigation should have expandable sections",
          "status": "passed",
          "title": "should have expandable sections",
          "duration": 80.58479999999963,
          "failureMessages": [],
          "location": { "line": 137, "column": 5 },
          "meta": {}
        },
        {
          "ancestorTitles": ["Navigation Integration", "Sidebar Navigation"],
          "fullName": "Navigation Integration Sidebar Navigation should show learning objectives",
          "status": "passed",
          "title": "should show learning objectives",
          "duration": 90.23450000000048,
          "failureMessages": [],
          "location": { "line": 145, "column": 5 },
          "meta": {}
        },
        {
          "ancestorTitles": ["Navigation Integration", "Browser History"],
          "fullName": "Navigation Integration Browser History should support back button navigation",
          "status": "passed",
          "title": "should support back button navigation",
          "duration": 308.5605999999998,
          "failureMessages": [],
          "location": { "line": 159, "column": 5 },
          "meta": {}
        },
        {
          "ancestorTitles": ["Navigation Integration", "Browser History"],
          "fullName": "Navigation Integration Browser History should support forward button navigation",
          "status": "passed",
          "title": "should support forward button navigation",
          "duration": 446.6271000000006,
          "failureMessages": [],
          "location": { "line": 176, "column": 5 },
          "meta": {}
        },
        {
          "ancestorTitles": ["Navigation Integration", "Deep Linking"],
          "fullName": "Navigation Integration Deep Linking should load directly to cloud architecture",
          "status": "passed",
          "title": "should load directly to cloud architecture",
          "duration": 75.31510000000071,
          "failureMessages": [],
          "location": { "line": 205, "column": 5 },
          "meta": {}
        },
        {
          "ancestorTitles": ["Navigation Integration", "Deep Linking"],
          "fullName": "Navigation Integration Deep Linking should load directly to protocol trainer",
          "status": "passed",
          "title": "should load directly to protocol trainer",
          "duration": 61.75460000000021,
          "failureMessages": [],
          "location": { "line": 211, "column": 5 },
          "meta": {}
        },
        {
          "ancestorTitles": ["Navigation Integration", "Deep Linking"],
          "fullName": "Navigation Integration Deep Linking should handle root route",
          "status": "passed",
          "title": "should handle root route",
          "duration": 65.79000000000087,
          "failureMessages": [],
          "location": { "line": 217, "column": 5 },
          "meta": {}
        },
        {
          "ancestorTitles": ["Navigation Integration", "Store Integration"],
          "fullName": "Navigation Integration Store Integration should have theme state available",
          "status": "passed",
          "title": "should have theme state available",
          "duration": 47.900800000001254,
          "failureMessages": [],
          "location": { "line": 229, "column": 5 },
          "meta": {}
        },
        {
          "ancestorTitles": ["Navigation Integration", "Store Integration"],
          "fullName": "Navigation Integration Store Integration should have progress state available",
          "status": "passed",
          "title": "should have progress state available",
          "duration": 61.48869999999988,
          "failureMessages": [],
          "location": { "line": 236, "column": 5 },
          "meta": {}
        },
        {
          "ancestorTitles": ["Navigation Integration", "Breadcrumbs"],
          "fullName": "Navigation Integration Breadcrumbs should display breadcrumbs for nested routes",
          "status": "passed",
          "title": "should display breadcrumbs for nested routes",
          "duration": 68.42150000000038,
          "failureMessages": [],
          "location": { "line": 249, "column": 5 },
          "meta": {}
        },
        {
          "ancestorTitles": ["Navigation Integration", "Breadcrumbs"],
          "fullName": "Navigation Integration Breadcrumbs should display current page in breadcrumbs",
          "status": "passed",
          "title": "should display current page in breadcrumbs",
          "duration": 71.73199999999997,
          "failureMessages": [],
          "location": { "line": 260, "column": 5 },
          "meta": {}
        },
        {
          "ancestorTitles": ["Navigation Integration", "Sidebar Collapse"],
          "fullName": "Navigation Integration Sidebar Collapse should have a collapse button",
          "status": "passed",
          "title": "should have a collapse button",
          "duration": 131.28620000000046,
          "failureMessages": [],
          "location": { "line": 276, "column": 5 },
          "meta": {}
        },
        {
          "ancestorTitles": ["Navigation Integration", "Sidebar Collapse"],
          "fullName": "Navigation Integration Sidebar Collapse should toggle sidebar visibility",
          "status": "passed",
          "title": "should toggle sidebar visibility",
          "duration": 153.26740000000063,
          "failureMessages": [],
          "location": { "line": 285, "column": 5 },
          "meta": {}
        },
        {
          "ancestorTitles": ["Navigation Integration", "Navigation Accessibility"],
          "fullName": "Navigation Integration Navigation Accessibility should have navigation landmark",
          "status": "passed",
          "title": "should have navigation landmark",
          "duration": 78.2486000000008,
          "failureMessages": [],
          "location": { "line": 304, "column": 5 },
          "meta": {}
        },
        {
          "ancestorTitles": ["Navigation Integration", "Navigation Accessibility"],
          "fullName": "Navigation Integration Navigation Accessibility should have main content area",
          "status": "passed",
          "title": "should have main content area",
          "duration": 82.05240000000049,
          "failureMessages": [],
          "location": { "line": 311, "column": 5 },
          "meta": {}
        },
        {
          "ancestorTitles": ["Navigation Integration", "Navigation Accessibility"],
          "fullName": "Navigation Integration Navigation Accessibility should support keyboard navigation",
          "status": "passed",
          "title": "should support keyboard navigation",
          "duration": 120.54960000000028,
          "failureMessages": [],
          "location": { "line": 318, "column": 5 },
          "meta": {}
        },
        {
          "ancestorTitles": ["Navigation Integration", "Navigation Performance"],
          "fullName": "Navigation Integration Navigation Performance should navigate within reasonable time",
          "status": "passed",
          "title": "should navigate within reasonable time",
          "duration": 195.0635999999995,
          "failureMessages": [],
          "location": { "line": 334, "column": 5 },
          "meta": {}
        },
        {
          "ancestorTitles": ["Navigation Integration", "Navigation Performance"],
          "fullName": "Navigation Integration Navigation Performance should handle multiple navigations without issues",
          "status": "passed",
          "title": "should handle multiple navigations without issues",
          "duration": 667.6491999999998,
          "failureMessages": [],
          "location": { "line": 350, "column": 5 },
          "meta": {}
        }
      ],
      "startTime": 1764358679635,
      "endTime": 1764358683825.6492,
      "status": "passed",
      "message": "",
      "name": "C:/Users/brand/Development/Project_Workspace/active-development/learn_comptia_network+/tests/integration/navigation.test.tsx"
    },
    {
      "assertionResults": [
        {
          "ancestorTitles": ["Routing Integration", "Root Route"],
          "fullName": "Routing Integration Root Route should render home page at root route",
          "status": "passed",
          "title": "should render home page at root route",
          "duration": 373.5600999999997,
          "failureMessages": [],
          "location": { "line": 22, "column": 5 },
          "meta": {}
        },
        {
          "ancestorTitles": ["Routing Integration", "Root Route"],
          "fullName": "Routing Integration Root Route should show loading state during lazy load",
          "status": "passed",
          "title": "should show loading state during lazy load",
          "duration": 152.3122999999996,
          "failureMessages": [],
          "location": { "line": 37, "column": 5 },
          "meta": {}
        },
        {
          "ancestorTitles": ["Routing Integration", "OSI Model Routes"],
          "fullName": "Routing Integration OSI Model Routes should load layer builder route",
          "status": "passed",
          "title": "should load layer builder route",
          "duration": 372.9458999999997,
          "failureMessages": [],
          "location": { "line": 52, "column": 5 },
          "meta": {}
        },
        {
          "ancestorTitles": ["Routing Integration", "OSI Model Routes"],
          "fullName": "Routing Integration OSI Model Routes should load packet journey route",
          "status": "passed",
          "title": "should load packet journey route",
          "duration": 145.67430000000058,
          "failureMessages": [],
          "location": { "line": 67, "column": 5 },
          "meta": {}
        },
        {
          "ancestorTitles": ["Routing Integration", "OSI Model Routes"],
          "fullName": "Routing Integration OSI Model Routes should load troubleshooting route",
          "status": "passed",
          "title": "should load troubleshooting route",
          "duration": 229.8893999999991,
          "failureMessages": [],
          "location": { "line": 82, "column": 5 },
          "meta": {}
        },
        {
          "ancestorTitles": ["Routing Integration", "Cloud Routes"],
          "fullName": "Routing Integration Cloud Routes should load cloud summary builder",
          "status": "passed",
          "title": "should load cloud summary builder",
          "duration": 197.84569999999985,
          "failureMessages": [],
          "location": { "line": 99, "column": 5 },
          "meta": {}
        },
        {
          "ancestorTitles": ["Routing Integration", "Cloud Routes"],
          "fullName": "Routing Integration Cloud Routes should load cloud architecture designer",
          "status": "passed",
          "title": "should load cloud architecture designer",
          "duration": 131.11390000000029,
          "failureMessages": [],
          "location": { "line": 114, "column": 5 },
          "meta": {}
        },
        {
          "ancestorTitles": ["Routing Integration", "Ports & Protocols Routes"],
          "fullName": "Routing Integration Ports & Protocols Routes should load port protocol trainer",
          "status": "passed",
          "title": "should load port protocol trainer",
          "duration": 81.77679999999964,
          "failureMessages": [],
          "location": { "line": 131, "column": 5 },
          "meta": {}
        },
        {
          "ancestorTitles": ["Routing Integration", "Ports & Protocols Routes"],
          "fullName": "Routing Integration Ports & Protocols Routes should load traffic demo",
          "status": "passed",
          "title": "should load traffic demo",
          "duration": 208.9454999999998,
          "failureMessages": [],
          "location": { "line": 146, "column": 5 },
          "meta": {}
        },
        {
          "ancestorTitles": ["Routing Integration", "Ports & Protocols Routes"],
          "fullName": "Routing Integration Ports & Protocols Routes should load port scanner",
          "status": "passed",
          "title": "should load port scanner",
          "duration": 155.90229999999974,
          "failureMessages": [],
          "location": { "line": 161, "column": 5 },
          "meta": {}
        },
        {
          "ancestorTitles": ["Routing Integration", "Assessment Routes"],
          "fullName": "Routing Integration Assessment Routes should load integrated simulator",
          "status": "passed",
          "title": "should load integrated simulator",
          "duration": 220.4326999999994,
          "failureMessages": [],
          "location": { "line": 178, "column": 5 },
          "meta": {}
        },
        {
          "ancestorTitles": ["Routing Integration", "Assessment Routes"],
          "fullName": "Routing Integration Assessment Routes should load progress dashboard",
          "status": "passed",
          "title": "should load progress dashboard",
          "duration": 301.72030000000086,
          "failureMessages": [],
          "location": { "line": 193, "column": 5 },
          "meta": {}
        },
        {
          "ancestorTitles": ["Routing Integration", "Error Handling"],
          "fullName": "Routing Integration Error Handling should handle 404 routes with error boundary",
          "status": "passed",
          "title": "should handle 404 routes with error boundary",
          "duration": 13.093399999999747,
          "failureMessages": [],
          "location": { "line": 210, "column": 5 },
          "meta": {}
        },
        {
          "ancestorTitles": ["Routing Integration", "Lazy Loading"],
          "fullName": "Routing Integration Lazy Loading should suspend and show loading fallback",
          "status": "passed",
          "title": "should suspend and show loading fallback",
          "duration": 71.29189999999835,
          "failureMessages": [],
          "location": { "line": 229, "column": 5 },
          "meta": {}
        },
        {
          "ancestorTitles": ["Routing Integration", "Lazy Loading"],
          "fullName": "Routing Integration Lazy Loading should load multiple routes sequentially",
          "status": "passed",
          "title": "should load multiple routes sequentially",
          "duration": 223.0652000000009,
          "failureMessages": [],
          "location": { "line": 241, "column": 5 },
          "meta": {}
        },
        {
          "ancestorTitles": ["Routing Integration", "Navigation"],
          "fullName": "Routing Integration Navigation should maintain providers across route changes",
          "status": "passed",
          "title": "should maintain providers across route changes",
          "duration": 78.32259999999951,
          "failureMessages": [],
          "location": { "line": 264, "column": 5 },
          "meta": {}
        },
        {
          "ancestorTitles": ["Routing Integration", "MainLayout Integration"],
          "fullName": "Routing Integration MainLayout Integration should wrap all routes with MainLayout",
          "status": "passed",
          "title": "should wrap all routes with MainLayout",
          "duration": 66.34859999999935,
          "failureMessages": [],
          "location": { "line": 289, "column": 5 },
          "meta": {}
        },
        {
          "ancestorTitles": ["Routing Integration", "Route Transitions"],
          "fullName": "Routing Integration Route Transitions should handle rapid route changes",
          "status": "passed",
          "title": "should handle rapid route changes",
          "duration": 84.54900000000089,
          "failureMessages": [],
          "location": { "line": 303, "column": 5 },
          "meta": {}
        },
        {
          "ancestorTitles": ["Routing Integration", "Route Transitions"],
          "fullName": "Routing Integration Route Transitions should cleanup previous route on navigation",
          "status": "passed",
          "title": "should cleanup previous route on navigation",
          "duration": 86.3838999999989,
          "failureMessages": [],
          "location": { "line": 324, "column": 5 },
          "meta": {}
        },
        {
          "ancestorTitles": ["Routing Integration", "Performance"],
          "fullName": "Routing Integration Performance should load routes efficiently",
          "status": "passed",
          "title": "should load routes efficiently",
          "duration": 60.34649999999965,
          "failureMessages": [],
          "location": { "line": 352, "column": 5 },
          "meta": {}
        }
      ],
      "startTime": 1764358681134,
      "endTime": 1764358684395.3464,
      "status": "passed",
      "message": "",
      "name": "C:/Users/brand/Development/Project_Workspace/active-development/learn_comptia_network+/tests/integration/routing.test.tsx"
    },
    {
      "assertionResults": [
        {
          "ancestorTitles": ["State Management Integration", "Progress State"],
          "fullName": "State Management Integration Progress State should update component progress",
          "status": "passed",
          "title": "should update component progress",
          "duration": 3.360899999999674,
          "failureMessages": [],
          "location": { "line": 48, "column": 5 },
          "meta": {}
        },
        {
          "ancestorTitles": ["State Management Integration", "Progress State"],
          "fullName": "State Management Integration Progress State should calculate total score correctly",
          "status": "passed",
          "title": "should calculate total score correctly",
          "duration": 0.8658999999997832,
          "failureMessages": [],
          "location": { "line": 59, "column": 5 },
          "meta": {}
        },
        {
          "ancestorTitles": ["State Management Integration", "Progress State"],
          "fullName": "State Management Integration Progress State should mark components as complete",
          "status": "passed",
          "title": "should mark components as complete",
          "duration": 1.5104999999994106,
          "failureMessages": [],
          "location": { "line": 72, "column": 5 },
          "meta": {}
        },
        {
          "ancestorTitles": ["State Management Integration", "Progress State"],
          "fullName": "State Management Integration Progress State should not duplicate completed components",
          "status": "passed",
          "title": "should not duplicate completed components",
          "duration": 0.6201999999993859,
          "failureMessages": [],
          "location": { "line": 83, "column": 5 },
          "meta": {}
        },
        {
          "ancestorTitles": ["State Management Integration", "Progress State"],
          "fullName": "State Management Integration Progress State should update last activity timestamp",
          "status": "passed",
          "title": "should update last activity timestamp",
          "duration": 0.7186000000001513,
          "failureMessages": [],
          "location": { "line": 99, "column": 5 },
          "meta": {}
        },
        {
          "ancestorTitles": ["State Management Integration", "Theme State"],
          "fullName": "State Management Integration Theme State should toggle theme",
          "status": "passed",
          "title": "should toggle theme",
          "duration": 1.4884000000001834,
          "failureMessages": [],
          "location": { "line": 118, "column": 5 },
          "meta": {}
        },
        {
          "ancestorTitles": ["State Management Integration", "Theme State"],
          "fullName": "State Management Integration Theme State should toggle between light and dark",
          "status": "passed",
          "title": "should toggle between light and dark",
          "duration": 0.5826000000006388,
          "failureMessages": [],
          "location": { "line": 131, "column": 5 },
          "meta": {}
        },
        {
          "ancestorTitles": ["State Management Integration", "Navigation State"],
          "fullName": "State Management Integration Navigation State should update current path",
          "status": "passed",
          "title": "should update current path",
          "duration": 0.528400000000147,
          "failureMessages": [],
          "location": { "line": 155, "column": 5 },
          "meta": {}
        },
        {
          "ancestorTitles": ["State Management Integration", "Navigation State"],
          "fullName": "State Management Integration Navigation State should track path changes",
          "status": "passed",
          "title": "should track path changes",
          "duration": 0.696100000000115,
          "failureMessages": [],
          "location": { "line": 166, "column": 5 },
          "meta": {}
        },
        {
          "ancestorTitles": ["State Management Integration", "Loading State"],
          "fullName": "State Management Integration Loading State should set loading state",
          "status": "passed",
          "title": "should set loading state",
          "duration": 0.4658999999992375,
          "failureMessages": [],
          "location": { "line": 185, "column": 5 },
          "meta": {}
        },
        {
          "ancestorTitles": ["State Management Integration", "Loading State"],
          "fullName": "State Management Integration Loading State should clear loading state",
          "status": "passed",
          "title": "should clear loading state",
          "duration": 0.3716999999996915,
          "failureMessages": [],
          "location": { "line": 196, "column": 5 },
          "meta": {}
        },
        {
          "ancestorTitles": ["State Management Integration", "State Persistence"],
          "fullName": "State Management Integration State Persistence should persist progress to localStorage",
          "status": "passed",
          "title": "should persist progress to localStorage",
          "duration": 0.6748999999999796,
          "failureMessages": [],
          "location": { "line": 214, "column": 5 },
          "meta": {}
        },
        {
          "ancestorTitles": ["State Management Integration", "State Persistence"],
          "fullName": "State Management Integration State Persistence should persist theme to localStorage",
          "status": "passed",
          "title": "should persist theme to localStorage",
          "duration": 0.4459000000006199,
          "failureMessages": [],
          "location": { "line": 230, "column": 5 },
          "meta": {}
        },
        {
          "ancestorTitles": ["State Management Integration", "State Persistence"],
          "fullName": "State Management Integration State Persistence should restore state from localStorage",
          "status": "passed",
          "title": "should restore state from localStorage",
          "duration": 0.43329999999969004,
          "failureMessages": [],
          "location": { "line": 243, "column": 5 },
          "meta": {}
        },
        {
          "ancestorTitles": ["State Management Integration", "State Persistence"],
          "fullName": "State Management Integration State Persistence should handle corrupted localStorage gracefully",
          "status": "passed",
          "title": "should handle corrupted localStorage gracefully",
          "duration": 1.2626999999993131,
          "failureMessages": [],
          "location": { "line": 266, "column": 5 },
          "meta": {}
        },
        {
          "ancestorTitles": ["State Management Integration", "Multiple Updates"],
          "fullName": "State Management Integration Multiple Updates should handle rapid successive updates",
          "status": "passed",
          "title": "should handle rapid successive updates",
          "duration": 4.742199999999684,
          "failureMessages": [],
          "location": { "line": 282, "column": 5 },
          "meta": {}
        },
        {
          "ancestorTitles": ["State Management Integration", "Multiple Updates"],
          "fullName": "State Management Integration Multiple Updates should maintain data consistency with concurrent updates",
          "status": "passed",
          "title": "should maintain data consistency with concurrent updates",
          "duration": 1.0758000000005268,
          "failureMessages": [],
          "location": { "line": 295, "column": 5 },
          "meta": {}
        },
        {
          "ancestorTitles": ["State Management Integration", "Edge Cases"],
          "fullName": "State Management Integration Edge Cases should handle empty component ID",
          "status": "passed",
          "title": "should handle empty component ID",
          "duration": 0.683100000000195,
          "failureMessages": [],
          "location": { "line": 315, "column": 5 },
          "meta": {}
        },
        {
          "ancestorTitles": ["State Management Integration", "Edge Cases"],
          "fullName": "State Management Integration Edge Cases should handle negative scores",
          "status": "passed",
          "title": "should handle negative scores",
          "duration": 0.3985999999995329,
          "failureMessages": [],
          "location": { "line": 326, "column": 5 },
          "meta": {}
        },
        {
          "ancestorTitles": ["State Management Integration", "Edge Cases"],
          "fullName": "State Management Integration Edge Cases should handle scores over 100",
          "status": "passed",
          "title": "should handle scores over 100",
          "duration": 0.6197999999994863,
          "failureMessages": [],
          "location": { "line": 338, "column": 5 },
          "meta": {}
        },
        {
          "ancestorTitles": ["State Management Integration", "Edge Cases"],
          "fullName": "State Management Integration Edge Cases should handle very long path strings",
          "status": "passed",
          "title": "should handle very long path strings",
          "duration": 0.3313000000007378,
          "failureMessages": [],
          "location": { "line": 349, "column": 5 },
          "meta": {}
        },
        {
          "ancestorTitles": ["State Management Integration", "Performance"],
          "fullName": "State Management Integration Performance should update state quickly",
          "status": "passed",
          "title": "should update state quickly",
          "duration": 0.40639999999984866,
          "failureMessages": [],
          "location": { "line": 367, "column": 5 },
          "meta": {}
        },
        {
          "ancestorTitles": ["State Management Integration", "Performance"],
          "fullName": "State Management Integration Performance should handle large state efficiently",
          "status": "passed",
          "title": "should handle large state efficiently",
          "duration": 379.60739999999987,
          "failureMessages": [],
          "location": { "line": 380, "column": 5 },
          "meta": {}
        },
        {
          "ancestorTitles": ["State Management Integration", "Subscribers"],
          "fullName": "State Management Integration Subscribers should notify subscribers on state change",
          "status": "passed",
          "title": "should notify subscribers on state change",
          "duration": 2.193099999999504,
          "failureMessages": [],
          "location": { "line": 401, "column": 5 },
          "meta": {}
        },
        {
          "ancestorTitles": ["State Management Integration", "Subscribers"],
          "fullName": "State Management Integration Subscribers should allow multiple subscribers",
          "status": "passed",
          "title": "should allow multiple subscribers",
          "duration": 1.214799999999741,
          "failureMessages": [],
          "location": { "line": 420, "column": 5 },
          "meta": {}
        }
      ],
      "startTime": 1764358678320,
      "endTime": 1764358678727.2148,
      "status": "passed",
      "message": "",
      "name": "C:/Users/brand/Development/Project_Workspace/active-development/learn_comptia_network+/tests/integration/state-management.test.tsx"
    },
    {
      "assertionResults": [
        {
          "ancestorTitles": ["Integrated Assessment Component", "Scenario Simulator"],
          "fullName": "Integrated Assessment Component Scenario Simulator should initialize network troubleshooting scenario",
          "status": "passed",
          "title": "should initialize network troubleshooting scenario",
          "duration": 2.7502000000004045,
          "failureMessages": [],
          "location": { "line": 10, "column": 5 },
          "meta": {}
        },
        {
          "ancestorTitles": ["Integrated Assessment Component", "Scenario Simulator"],
          "fullName": "Integrated Assessment Component Scenario Simulator should validate correct troubleshooting steps",
          "status": "passed",
          "title": "should validate correct troubleshooting steps",
          "duration": 0.6707999999998719,
          "failureMessages": [],
          "location": { "line": 26, "column": 5 },
          "meta": {}
        },
        {
          "ancestorTitles": ["Integrated Assessment Component", "Scenario Simulator"],
          "fullName": "Integrated Assessment Component Scenario Simulator should detect incorrect troubleshooting order",
          "status": "passed",
          "title": "should detect incorrect troubleshooting order",
          "duration": 0.586500000000342,
          "failureMessages": [],
          "location": { "line": 50, "column": 5 },
          "meta": {}
        },
        {
          "ancestorTitles": ["Integrated Assessment Component", "Scenario Simulator"],
          "fullName": "Integrated Assessment Component Scenario Simulator should simulate network design scenario",
          "status": "passed",
          "title": "should simulate network design scenario",
          "duration": 0.7858999999998559,
          "failureMessages": [],
          "location": { "line": 71, "column": 5 },
          "meta": {}
        },
        {
          "ancestorTitles": ["Integrated Assessment Component", "Scenario Simulator"],
          "fullName": "Integrated Assessment Component Scenario Simulator should evaluate security configuration scenario",
          "status": "passed",
          "title": "should evaluate security configuration scenario",
          "duration": 1.5052999999998065,
          "failureMessages": [],
          "location": { "line": 87, "column": 5 },
          "meta": {}
        },
        {
          "ancestorTitles": ["Integrated Assessment Component", "Integrated Scoring System"],
          "fullName": "Integrated Assessment Component Integrated Scoring System should calculate comprehensive assessment score",
          "status": "passed",
          "title": "should calculate comprehensive assessment score",
          "duration": 0.4971000000005006,
          "failureMessages": [],
          "location": { "line": 108, "column": 5 },
          "meta": {}
        },
        {
          "ancestorTitles": ["Integrated Assessment Component", "Integrated Scoring System"],
          "fullName": "Integrated Assessment Component Integrated Scoring System should apply time bonus correctly",
          "status": "passed",
          "title": "should apply time bonus correctly",
          "duration": 0.35859999999956926,
          "failureMessages": [],
          "location": { "line": 120, "column": 5 },
          "meta": {}
        },
        {
          "ancestorTitles": ["Integrated Assessment Component", "Integrated Scoring System"],
          "fullName": "Integrated Assessment Component Integrated Scoring System should penalize incorrect attempts",
          "status": "passed",
          "title": "should penalize incorrect attempts",
          "duration": 0.2746999999999389,
          "failureMessages": [],
          "location": { "line": 131, "column": 5 },
          "meta": {}
        },
        {
          "ancestorTitles": ["Integrated Assessment Component", "Integrated Scoring System"],
          "fullName": "Integrated Assessment Component Integrated Scoring System should calculate domain mastery levels",
          "status": "passed",
          "title": "should calculate domain mastery levels",
          "duration": 0.6909999999998035,
          "failureMessages": [],
          "location": { "line": 141, "column": 5 },
          "meta": {}
        },
        {
          "ancestorTitles": ["Integrated Assessment Component", "Progress Tracking"],
          "fullName": "Integrated Assessment Component Progress Tracking should track component completion",
          "status": "passed",
          "title": "should track component completion",
          "duration": 0.32929999999942083,
          "failureMessages": [],
          "location": { "line": 159, "column": 5 },
          "meta": {}
        },
        {
          "ancestorTitles": ["Integrated Assessment Component", "Progress Tracking"],
          "fullName": "Integrated Assessment Component Progress Tracking should calculate estimated completion time",
          "status": "passed",
          "title": "should calculate estimated completion time",
          "duration": 0.3974000000007436,
          "failureMessages": [],
          "location": { "line": 170, "column": 5 },
          "meta": {}
        },
        {
          "ancestorTitles": ["Integrated Assessment Component", "Progress Tracking"],
          "fullName": "Integrated Assessment Component Progress Tracking should track learning velocity",
          "status": "passed",
          "title": "should track learning velocity",
          "duration": 0.30540000000019063,
          "failureMessages": [],
          "location": { "line": 183, "column": 5 },
          "meta": {}
        },
        {
          "ancestorTitles": ["Integrated Assessment Component", "Progress Tracking"],
          "fullName": "Integrated Assessment Component Progress Tracking should identify struggling areas",
          "status": "passed",
          "title": "should identify struggling areas",
          "duration": 0.5719999999992069,
          "failureMessages": [],
          "location": { "line": 195, "column": 5 },
          "meta": {}
        },
        {
          "ancestorTitles": ["Integrated Assessment Component", "Badge Award System"],
          "fullName": "Integrated Assessment Component Badge Award System should award \"First Steps\" badge for completing first component",
          "status": "passed",
          "title": "should award \"First Steps\" badge for completing first component",
          "duration": 0.3882000000003245,
          "failureMessages": [],
          "location": { "line": 210, "column": 5 },
          "meta": {}
        },
        {
          "ancestorTitles": ["Integrated Assessment Component", "Badge Award System"],
          "fullName": "Integrated Assessment Component Badge Award System should award \"Quick Learner\" badge for fast completion",
          "status": "passed",
          "title": "should award \"Quick Learner\" badge for fast completion",
          "duration": 0.3455000000003565,
          "failureMessages": [],
          "location": { "line": 218, "column": 5 },
          "meta": {}
        },
        {
          "ancestorTitles": ["Integrated Assessment Component", "Badge Award System"],
          "fullName": "Integrated Assessment Component Badge Award System should award \"Perfect Score\" badge",
          "status": "passed",
          "title": "should award \"Perfect Score\" badge",
          "duration": 0.31459999999970023,
          "failureMessages": [],
          "location": { "line": 230, "column": 5 },
          "meta": {}
        },
        {
          "ancestorTitles": ["Integrated Assessment Component", "Badge Award System"],
          "fullName": "Integrated Assessment Component Badge Award System should award \"Troubleshooting Expert\" badge",
          "status": "passed",
          "title": "should award \"Troubleshooting Expert\" badge",
          "duration": 0.29179999999996653,
          "failureMessages": [],
          "location": { "line": 241, "column": 5 },
          "meta": {}
        },
        {
          "ancestorTitles": ["Integrated Assessment Component", "Badge Award System"],
          "fullName": "Integrated Assessment Component Badge Award System should award \"Network Architect\" badge for design scenarios",
          "status": "passed",
          "title": "should award \"Network Architect\" badge for design scenarios",
          "duration": 0.2500999999992928,
          "failureMessages": [],
          "location": { "line": 252, "column": 5 },
          "meta": {}
        },
        {
          "ancestorTitles": ["Integrated Assessment Component", "Badge Award System"],
          "fullName": "Integrated Assessment Component Badge Award System should award \"Course Champion\" badge for completing all 23 components",
          "status": "passed",
          "title": "should award \"Course Champion\" badge for completing all 23 components",
          "duration": 0.4661000000005515,
          "failureMessages": [],
          "location": { "line": 263, "column": 5 },
          "meta": {}
        },
        {
          "ancestorTitles": ["Integrated Assessment Component", "Personalized Recommendations"],
          "fullName": "Integrated Assessment Component Personalized Recommendations should recommend review for weak areas",
          "status": "passed",
          "title": "should recommend review for weak areas",
          "duration": 0.5750000000007276,
          "failureMessages": [],
          "location": { "line": 273, "column": 5 },
          "meta": {}
        },
        {
          "ancestorTitles": ["Integrated Assessment Component", "Personalized Recommendations"],
          "fullName": "Integrated Assessment Component Personalized Recommendations should recommend advanced topics for strong performers",
          "status": "passed",
          "title": "should recommend advanced topics for strong performers",
          "duration": 0.44570000000021537,
          "failureMessages": [],
          "location": { "line": 287, "column": 5 },
          "meta": {}
        },
        {
          "ancestorTitles": ["Integrated Assessment Component", "Personalized Recommendations"],
          "fullName": "Integrated Assessment Component Personalized Recommendations should suggest practice scenarios",
          "status": "passed",
          "title": "should suggest practice scenarios",
          "duration": 0.3415000000004511,
          "failureMessages": [],
          "location": { "line": 298, "column": 5 },
          "meta": {}
        },
        {
          "ancestorTitles": ["Integrated Assessment Component", "Certification Readiness"],
          "fullName": "Integrated Assessment Component Certification Readiness should calculate certification readiness score",
          "status": "passed",
          "title": "should calculate certification readiness score",
          "duration": 0.4143000000003667,
          "failureMessages": [],
          "location": { "line": 311, "column": 5 },
          "meta": {}
        },
        {
          "ancestorTitles": ["Integrated Assessment Component", "Certification Readiness"],
          "fullName": "Integrated Assessment Component Certification Readiness should identify certification knowledge gaps",
          "status": "passed",
          "title": "should identify certification knowledge gaps",
          "duration": 0.5666999999994005,
          "failureMessages": [],
          "location": { "line": 324, "column": 5 },
          "meta": {}
        },
        {
          "ancestorTitles": ["Integrated Assessment Component", "Certification Readiness"],
          "fullName": "Integrated Assessment Component Certification Readiness should estimate exam readiness timeline",
          "status": "passed",
          "title": "should estimate exam readiness timeline",
          "duration": 0.5158000000001266,
          "failureMessages": [],
          "location": { "line": 339, "column": 5 },
          "meta": {}
        },
        {
          "ancestorTitles": ["Integrated Assessment Component", "Performance Analytics"],
          "fullName": "Integrated Assessment Component Performance Analytics should generate performance report",
          "status": "passed",
          "title": "should generate performance report",
          "duration": 1.2658000000001266,
          "failureMessages": [],
          "location": { "line": 353, "column": 5 },
          "meta": {}
        },
        {
          "ancestorTitles": ["Integrated Assessment Component", "Performance Analytics"],
          "fullName": "Integrated Assessment Component Performance Analytics should track improvement over time",
          "status": "passed",
          "title": "should track improvement over time",
          "duration": 0.5733000000000175,
          "failureMessages": [],
          "location": { "line": 368, "column": 5 },
          "meta": {}
        },
        {
          "ancestorTitles": ["Integrated Assessment Component", "Performance Analytics"],
          "fullName": "Integrated Assessment Component Performance Analytics should compare performance to benchmarks",
          "status": "passed",
          "title": "should compare performance to benchmarks",
          "duration": 0.5470000000004802,
          "failureMessages": [],
          "location": { "line": 382, "column": 5 },
          "meta": {}
        }
      ],
      "startTime": 1764358678216,
      "endTime": 1764358678235.547,
      "status": "passed",
      "message": "",
      "name": "C:/Users/brand/Development/Project_Workspace/active-development/learn_comptia_network+/tests/unit/assessment.test.ts"
    },
    {
      "assertionResults": [
        {
          "ancestorTitles": ["Cloud Architecture Component", "Cloud Service Model Validation"],
          "fullName": "Cloud Architecture Component Cloud Service Model Validation should validate IaaS service model correctly",
          "status": "passed",
          "title": "should validate IaaS service model correctly",
          "duration": 9.489300000000185,
          "failureMessages": [],
          "location": { "line": 10, "column": 5 },
          "meta": {}
        },
        {
          "ancestorTitles": ["Cloud Architecture Component", "Cloud Service Model Validation"],
          "fullName": "Cloud Architecture Component Cloud Service Model Validation should validate PaaS service model correctly",
          "status": "passed",
          "title": "should validate PaaS service model correctly",
          "duration": 1.132699999999204,
          "failureMessages": [],
          "location": { "line": 22, "column": 5 },
          "meta": {}
        },
        {
          "ancestorTitles": ["Cloud Architecture Component", "Cloud Service Model Validation"],
          "fullName": "Cloud Architecture Component Cloud Service Model Validation should validate SaaS service model correctly",
          "status": "passed",
          "title": "should validate SaaS service model correctly",
          "duration": 0.8697000000001935,
          "failureMessages": [],
          "location": { "line": 33, "column": 5 },
          "meta": {}
        },
        {
          "ancestorTitles": ["Cloud Architecture Component", "Cloud Service Model Validation"],
          "fullName": "Cloud Architecture Component Cloud Service Model Validation should handle invalid service model types",
          "status": "passed",
          "title": "should handle invalid service model types",
          "duration": 0.9967999999998938,
          "failureMessages": [],
          "location": { "line": 44, "column": 5 },
          "meta": {}
        },
        {
          "ancestorTitles": ["Cloud Architecture Component", "Cloud Deployment Model Validation"],
          "fullName": "Cloud Architecture Component Cloud Deployment Model Validation should validate public cloud deployment",
          "status": "passed",
          "title": "should validate public cloud deployment",
          "duration": 1.2105000000001382,
          "failureMessages": [],
          "location": { "line": 53, "column": 5 },
          "meta": {}
        },
        {
          "ancestorTitles": ["Cloud Architecture Component", "Cloud Deployment Model Validation"],
          "fullName": "Cloud Architecture Component Cloud Deployment Model Validation should validate private cloud deployment",
          "status": "passed",
          "title": "should validate private cloud deployment",
          "duration": 0.7633000000005268,
          "failureMessages": [],
          "location": { "line": 66, "column": 5 },
          "meta": {}
        },
        {
          "ancestorTitles": ["Cloud Architecture Component", "Cloud Deployment Model Validation"],
          "fullName": "Cloud Architecture Component Cloud Deployment Model Validation should validate hybrid cloud deployment",
          "status": "passed",
          "title": "should validate hybrid cloud deployment",
          "duration": 1.6986000000006243,
          "failureMessages": [],
          "location": { "line": 78, "column": 5 },
          "meta": {}
        },
        {
          "ancestorTitles": ["Cloud Architecture Component", "Cloud Deployment Model Validation"],
          "fullName": "Cloud Architecture Component Cloud Deployment Model Validation should validate community cloud deployment",
          "status": "passed",
          "title": "should validate community cloud deployment",
          "duration": 0.45539999999982683,
          "failureMessages": [],
          "location": { "line": 90, "column": 5 },
          "meta": {}
        },
        {
          "ancestorTitles": ["Cloud Architecture Component", "Cloud Architecture Scoring"],
          "fullName": "Cloud Architecture Component Cloud Architecture Scoring should calculate correct score for architecture design",
          "status": "passed",
          "title": "should calculate correct score for architecture design",
          "duration": 0.7209999999995489,
          "failureMessages": [],
          "location": { "line": 103, "column": 5 },
          "meta": {}
        },
        {
          "ancestorTitles": ["Cloud Architecture Component", "Cloud Architecture Scoring"],
          "fullName": "Cloud Architecture Component Cloud Architecture Scoring should calculate partial score for partially correct architecture",
          "status": "passed",
          "title": "should calculate partial score for partially correct architecture",
          "duration": 0.4018000000005486,
          "failureMessages": [],
          "location": { "line": 122, "column": 5 },
          "meta": {}
        },
        {
          "ancestorTitles": ["Cloud Architecture Component", "Cloud Architecture Scoring"],
          "fullName": "Cloud Architecture Component Cloud Architecture Scoring should penalize incorrect scalability design",
          "status": "passed",
          "title": "should penalize incorrect scalability design",
          "duration": 0.467200000000048,
          "failureMessages": [],
          "location": { "line": 141, "column": 5 },
          "meta": {}
        },
        {
          "ancestorTitles": ["Cloud Architecture Component", "Cloud Cost Optimization"],
          "fullName": "Cloud Architecture Component Cloud Cost Optimization should calculate cost savings for reserved instances",
          "status": "passed",
          "title": "should calculate cost savings for reserved instances",
          "duration": 0.3856000000005224,
          "failureMessages": [],
          "location": { "line": 163, "column": 5 },
          "meta": {}
        },
        {
          "ancestorTitles": ["Cloud Architecture Component", "Cloud Cost Optimization"],
          "fullName": "Cloud Architecture Component Cloud Cost Optimization should recommend right-sizing for oversized instances",
          "status": "passed",
          "title": "should recommend right-sizing for oversized instances",
          "duration": 0.38259999999991123,
          "failureMessages": [],
          "location": { "line": 172, "column": 5 },
          "meta": {}
        },
        {
          "ancestorTitles": ["Cloud Architecture Component", "Cloud Cost Optimization"],
          "fullName": "Cloud Architecture Component Cloud Cost Optimization should recommend auto-scaling for variable workloads",
          "status": "passed",
          "title": "should recommend auto-scaling for variable workloads",
          "duration": 0.403599999999642,
          "failureMessages": [],
          "location": { "line": 184, "column": 5 },
          "meta": {}
        },
        {
          "ancestorTitles": ["Cloud Architecture Component", "Cloud Security Validation"],
          "fullName": "Cloud Architecture Component Cloud Security Validation should validate security group rules",
          "status": "passed",
          "title": "should validate security group rules",
          "duration": 1.1035000000001673,
          "failureMessages": [],
          "location": { "line": 198, "column": 5 },
          "meta": {}
        },
        {
          "ancestorTitles": ["Cloud Architecture Component", "Cloud Security Validation"],
          "fullName": "Cloud Architecture Component Cloud Security Validation should detect overly permissive SSH access",
          "status": "passed",
          "title": "should detect overly permissive SSH access",
          "duration": 0.5417999999999665,
          "failureMessages": [],
          "location": { "line": 214, "column": 5 },
          "meta": {}
        },
        {
          "ancestorTitles": ["Cloud Architecture Component", "Cloud Security Validation"],
          "fullName": "Cloud Architecture Component Cloud Security Validation should validate encryption settings",
          "status": "passed",
          "title": "should validate encryption settings",
          "duration": 0.441899999999805,
          "failureMessages": [],
          "location": { "line": 225, "column": 5 },
          "meta": {}
        },
        {
          "ancestorTitles": ["Cloud Architecture Component", "Cloud Network Architecture"],
          "fullName": "Cloud Architecture Component Cloud Network Architecture should validate VPC configuration",
          "status": "passed",
          "title": "should validate VPC configuration",
          "duration": 1.393699999999626,
          "failureMessages": [],
          "location": { "line": 239, "column": 5 },
          "meta": {}
        },
        {
          "ancestorTitles": ["Cloud Architecture Component", "Cloud Network Architecture"],
          "fullName": "Cloud Architecture Component Cloud Network Architecture should validate multi-AZ deployment",
          "status": "passed",
          "title": "should validate multi-AZ deployment",
          "duration": 0.6046000000005733,
          "failureMessages": [],
          "location": { "line": 253, "column": 5 },
          "meta": {}
        },
        {
          "ancestorTitles": ["Cloud Architecture Component", "Cloud Network Architecture"],
          "fullName": "Cloud Architecture Component Cloud Network Architecture should calculate subnet requirements",
          "status": "passed",
          "title": "should calculate subnet requirements",
          "duration": 0.5493999999998778,
          "failureMessages": [],
          "location": { "line": 263, "column": 5 },
          "meta": {}
        }
      ],
      "startTime": 1764358679949,
      "endTime": 1764358679975.6045,
      "status": "passed",
      "message": "",
      "name": "C:/Users/brand/Development/Project_Workspace/active-development/learn_comptia_network+/tests/unit/cloud.test.ts"
    },
    {
      "assertionResults": [
        {
          "ancestorTitles": ["IPv4 Addressing Component", "Subnet Calculations"],
          "fullName": "IPv4 Addressing Component Subnet Calculations should calculate /24 subnet correctly",
          "status": "passed",
          "title": "should calculate /24 subnet correctly",
          "duration": 4.661699999999655,
          "failureMessages": [],
          "location": { "line": 18, "column": 5 },
          "meta": {}
        },
        {
          "ancestorTitles": ["IPv4 Addressing Component", "Subnet Calculations"],
          "fullName": "IPv4 Addressing Component Subnet Calculations should calculate /26 subnet correctly",
          "status": "passed",
          "title": "should calculate /26 subnet correctly",
          "duration": 1.8059000000002925,
          "failureMessages": [],
          "location": { "line": 30, "column": 5 },
          "meta": {}
        },
        {
          "ancestorTitles": ["IPv4 Addressing Component", "Subnet Calculations"],
          "fullName": "IPv4 Addressing Component Subnet Calculations should calculate /30 subnet for point-to-point",
          "status": "passed",
          "title": "should calculate /30 subnet for point-to-point",
          "duration": 0.7779999999993379,
          "failureMessages": [],
          "location": { "line": 39, "column": 5 },
          "meta": {}
        },
        {
          "ancestorTitles": ["IPv4 Addressing Component", "Subnet Calculations"],
          "fullName": "IPv4 Addressing Component Subnet Calculations should calculate /8 Class A network",
          "status": "passed",
          "title": "should calculate /8 Class A network",
          "duration": 0.636899999999514,
          "failureMessages": [],
          "location": { "line": 48, "column": 5 },
          "meta": {}
        },
        {
          "ancestorTitles": ["IPv4 Addressing Component", "Subnet Calculations"],
          "fullName": "IPv4 Addressing Component Subnet Calculations should calculate /16 Class B network",
          "status": "passed",
          "title": "should calculate /16 Class B network",
          "duration": 4.961699999999837,
          "failureMessages": [],
          "location": { "line": 56, "column": 5 },
          "meta": {}
        },
        {
          "ancestorTitles": ["IPv4 Addressing Component", "CIDR and Subnet Mask Conversion"],
          "fullName": "IPv4 Addressing Component CIDR and Subnet Mask Conversion should convert CIDR to subnet mask",
          "status": "passed",
          "title": "should convert CIDR to subnet mask",
          "duration": 1.233700000000681,
          "failureMessages": [],
          "location": { "line": 66, "column": 5 },
          "meta": {}
        },
        {
          "ancestorTitles": ["IPv4 Addressing Component", "CIDR and Subnet Mask Conversion"],
          "fullName": "IPv4 Addressing Component CIDR and Subnet Mask Conversion should convert subnet mask to CIDR",
[...]
          "duration": 4.399999999999636,
          "failureMessages": [],
          "location": { "line": 77, "column": 5 },
          "meta": {}
        },
        {
          "ancestorTitles": ["appStore", "Search Query"],
          "fullName": "appStore Search Query should initialize with empty search query",
          "status": "passed",
          "title": "should initialize with empty search query",
          "duration": 3.6631999999999607,
          "failureMessages": [],
          "location": { "line": 88, "column": 5 },
          "meta": {}
        },
        {
          "ancestorTitles": ["appStore", "Search Query"],
          "fullName": "appStore Search Query should update search query",
          "status": "passed",
          "title": "should update search query",
          "duration": 8.492100000000391,
          "failureMessages": [],
          "location": { "line": 93, "column": 5 },
          "meta": {}
        },
        {
          "ancestorTitles": ["appStore", "Search Query"],
          "fullName": "appStore Search Query should clear search query",
          "status": "passed",
          "title": "should clear search query",
          "duration": 5.4736000000002605,
          "failureMessages": [],
          "location": { "line": 101, "column": 5 },
          "meta": {}
        },
        {
          "ancestorTitles": ["appStore", "Search Query"],
          "fullName": "appStore Search Query should handle special characters in search query",
          "status": "passed",
          "title": "should handle special characters in search query",
          "duration": 6.992900000000191,
          "failureMessages": [],
          "location": { "line": 110, "column": 5 },
          "meta": {}
        },
        {
          "ancestorTitles": ["appStore", "Current Route"],
          "fullName": "appStore Current Route should initialize with root route",
          "status": "passed",
          "title": "should initialize with root route",
          "duration": 3.3517000000001644,
          "failureMessages": [],
          "location": { "line": 121, "column": 5 },
          "meta": {}
        },
        {
          "ancestorTitles": ["appStore", "Current Route"],
          "fullName": "appStore Current Route should update current route",
          "status": "passed",
          "title": "should update current route",
          "duration": 2.6698999999998705,
          "failureMessages": [],
          "location": { "line": 126, "column": 5 },
          "meta": {}
        },
        {
          "ancestorTitles": ["appStore", "Current Route"],
          "fullName": "appStore Current Route should handle route changes",
          "status": "passed",
          "title": "should handle route changes",
          "duration": 3.5653999999994994,
          "failureMessages": [],
          "location": { "line": 134, "column": 5 },
          "meta": {}
        },
        {
          "ancestorTitles": ["appStore", "User Preferences"],
          "fullName": "appStore User Preferences should initialize with default preferences",
          "status": "passed",
          "title": "should initialize with default preferences",
          "duration": 5.121900000000096,
          "failureMessages": [],
          "location": { "line": 145, "column": 5 },
          "meta": {}
        },
        {
          "ancestorTitles": ["appStore", "User Preferences"],
          "fullName": "appStore User Preferences should update single preference",
          "status": "passed",
          "title": "should update single preference",
          "duration": 2.5955000000003565,
          "failureMessages": [],
          "location": { "line": 155, "column": 5 },
          "meta": {}
        },
        {
          "ancestorTitles": ["appStore", "User Preferences"],
          "fullName": "appStore User Preferences should update multiple preferences",
          "status": "passed",
          "title": "should update multiple preferences",
          "duration": 1.9131999999999607,
          "failureMessages": [],
          "location": { "line": 164, "column": 5 },
          "meta": {}
        },
        {
          "ancestorTitles": ["appStore", "User Preferences"],
          "fullName": "appStore User Preferences should handle all font size options",
          "status": "passed",
          "title": "should handle all font size options",
          "duration": 1.9742000000005646,
          "failureMessages": [],
          "location": { "line": 176, "column": 5 },
          "meta": {}
        },
        {
          "ancestorTitles": ["appStore", "User Preferences"],
          "fullName": "appStore User Preferences should toggle sound effects preference",
          "status": "passed",
          "title": "should toggle sound effects preference",
          "duration": 2.719100000000253,
          "failureMessages": [],
          "location": { "line": 188, "column": 5 },
          "meta": {}
        },
        {
          "ancestorTitles": ["appStore", "User Preferences"],
          "fullName": "appStore User Preferences should toggle auto-save preference",
          "status": "passed",
          "title": "should toggle auto-save preference",
          "duration": 1.8011999999998807,
          "failureMessages": [],
          "location": { "line": 201, "column": 5 },
          "meta": {}
        },
        {
          "ancestorTitles": ["appStore", "Persistence"],
          "fullName": "appStore Persistence should persist theme across store instances",
          "status": "passed",
          "title": "should persist theme across store instances",
          "duration": 2.8535000000001673,
          "failureMessages": [],
          "location": { "line": 211, "column": 5 },
          "meta": {}
        },
        {
          "ancestorTitles": ["appStore", "Persistence"],
          "fullName": "appStore Persistence should persist preferences across store instances",
          "status": "passed",
          "title": "should persist preferences across store instances",
          "duration": 2.622599999999693,
          "failureMessages": [],
          "location": { "line": 221, "column": 5 },
          "meta": {}
        },
        {
          "ancestorTitles": ["appStore", "Persistence"],
          "fullName": "appStore Persistence should not persist sidebar state",
          "status": "passed",
          "title": "should not persist sidebar state",
          "duration": 2.090100000000348,
          "failureMessages": [],
          "location": { "line": 232, "column": 5 },
          "meta": {}
        },
        {
          "ancestorTitles": ["appStore", "Persistence"],
          "fullName": "appStore Persistence should not persist search query",
          "status": "passed",
          "title": "should not persist search query",
          "duration": 8.257799999999406,
          "failureMessages": [],
          "location": { "line": 247, "column": 5 },
          "meta": {}
        },
        {
          "ancestorTitles": ["appStore", "Edge Cases"],
          "fullName": "appStore Edge Cases should handle rapid theme toggles",
          "status": "passed",
          "title": "should handle rapid theme toggles",
          "duration": 2.5702000000001135,
          "failureMessages": [],
          "location": { "line": 263, "column": 5 },
          "meta": {}
        },
        {
          "ancestorTitles": ["appStore", "Edge Cases"],
          "fullName": "appStore Edge Cases should handle empty string route",
          "status": "passed",
          "title": "should handle empty string route",
          "duration": 8.186599999999999,
          "failureMessages": [],
          "location": { "line": 274, "column": 5 },
          "meta": {}
        },
        {
          "ancestorTitles": ["appStore", "Edge Cases"],
          "fullName": "appStore Edge Cases should handle very long search queries",
          "status": "passed",
          "title": "should handle very long search queries",
          "duration": 3.7095999999992273,
          "failureMessages": [],
          "location": { "line": 282, "column": 5 },
          "meta": {}
        },
        {
          "ancestorTitles": ["appStore", "Edge Cases"],
          "fullName": "appStore Edge Cases should handle multiple preference updates in sequence",
          "status": "passed",
          "title": "should handle multiple preference updates in sequence",
          "duration": 2.652200000000448,
          "failureMessages": [],
          "location": { "line": 291, "column": 5 },
          "meta": {}
        }
      ],
      "startTime": 1764358678276,
      "endTime": 1764358678416.652,
      "status": "passed",
      "message": "",
      "name": "C:/Users/brand/Development/Project_Workspace/active-development/learn_comptia_network+/tests/unit/stores/appStore.test.ts"
    },
    {
      "assertionResults": [
        {
          "ancestorTitles": ["progressStore", "Component Progress"],
          "fullName": "progressStore Component Progress should initialize with empty component progress",
          "status": "passed",
          "title": "should initialize with empty component progress",
          "duration": 34.360999999999876,
          "failureMessages": [],
          "location": { "line": 18, "column": 5 },
          "meta": {}
        },
        {
          "ancestorTitles": ["progressStore", "Component Progress"],
          "fullName": "progressStore Component Progress should update component progress",
          "status": "passed",
          "title": "should update component progress",
          "duration": 7.989399999999478,
          "failureMessages": [],
          "location": { "line": 23, "column": 5 },
          "meta": {}
        },
        {
          "ancestorTitles": ["progressStore", "Component Progress"],
          "fullName": "progressStore Component Progress should mark component as complete",
          "status": "passed",
          "title": "should mark component as complete",
          "duration": 5.4823999999998705,
          "failureMessages": [],
          "location": { "line": 39, "column": 5 },
          "meta": {}
        },
        {
          "ancestorTitles": ["progressStore", "Component Progress"],
          "fullName": "progressStore Component Progress should increment attempts when marking complete multiple times",
          "status": "passed",
          "title": "should increment attempts when marking complete multiple times",
          "duration": 6.8221999999996115,
          "failureMessages": [],
          "location": { "line": 51, "column": 5 },
          "meta": {}
        },
        {
          "ancestorTitles": ["progressStore", "Component Progress"],
          "fullName": "progressStore Component Progress should return undefined for non-existent component",
          "status": "passed",
          "title": "should return undefined for non-existent component",
          "duration": 9.752199999999903,
          "failureMessages": [],
          "location": { "line": 64, "column": 5 },
          "meta": {}
        },
        {
          "ancestorTitles": ["progressStore", "Component Progress"],
          "fullName": "progressStore Component Progress should track time spent across multiple sessions",
          "status": "passed",
          "title": "should track time spent across multiple sessions",
          "duration": 5.386999999999716,
          "failureMessages": [],
          "location": { "line": 70, "column": 5 },
          "meta": {}
        },
        {
          "ancestorTitles": ["progressStore", "Component Progress"],
          "fullName": "progressStore Component Progress should update lastVisited timestamp",
          "status": "passed",
          "title": "should update lastVisited timestamp",
          "duration": 3.7987999999995736,
          "failureMessages": [],
          "location": { "line": 81, "column": 5 },
          "meta": {}
        },
        {
          "ancestorTitles": ["progressStore", "Category Progress"],
          "fullName": "progressStore Category Progress should calculate category progress with no components",
          "status": "passed",
          "title": "should calculate category progress with no components",
          "duration": 3.2521000000006097,
          "failureMessages": [],
          "location": { "line": 98, "column": 5 },
          "meta": {}
        },
        {
          "ancestorTitles": ["progressStore", "Category Progress"],
          "fullName": "progressStore Category Progress should calculate category progress with completed components",
          "status": "passed",
          "title": "should calculate category progress with completed components",
          "duration": 4.952199999999721,
          "failureMessages": [],
          "location": { "line": 108, "column": 5 },
          "meta": {}
        },
        {
          "ancestorTitles": ["progressStore", "Category Progress"],
          "fullName": "progressStore Category Progress should calculate average score correctly",
          "status": "passed",
          "title": "should calculate average score correctly",
          "duration": 8.361800000000585,
          "failureMessages": [],
          "location": { "line": 124, "column": 5 },
          "meta": {}
        },
        {
          "ancestorTitles": ["progressStore", "Category Progress"],
          "fullName": "progressStore Category Progress should handle mixed completed and incomplete components",
          "status": "passed",
          "title": "should handle mixed completed and incomplete components",
          "duration": 3.2046999999993204,
          "failureMessages": [],
          "location": { "line": 136, "column": 5 },
          "meta": {}
        },
        {
          "ancestorTitles": ["progressStore", "Overall Progress"],
          "fullName": "progressStore Overall Progress should calculate overall progress with no completion",
          "status": "passed",
          "title": "should calculate overall progress with no completion",
          "duration": 4.324900000000525,
          "failureMessages": [],
          "location": { "line": 153, "column": 5 },
          "meta": {}
        },
        {
          "ancestorTitles": ["progressStore", "Overall Progress"],
          "fullName": "progressStore Overall Progress should calculate overall progress with some completions",
          "status": "passed",
          "title": "should calculate overall progress with some completions",
          "duration": 3.2146999999995387,
          "failureMessages": [],
          "location": { "line": 163, "column": 5 },
          "meta": {}
        },
        {
          "ancestorTitles": ["progressStore", "Overall Progress"],
          "fullName": "progressStore Overall Progress should calculate 100% completion correctly",
          "status": "passed",
          "title": "should calculate 100% completion correctly",
          "duration": 10.579600000000028,
          "failureMessages": [],
          "location": { "line": 177, "column": 5 },
          "meta": {}
        },
        {
          "ancestorTitles": ["progressStore", "Overall Progress"],
          "fullName": "progressStore Overall Progress should ignore incomplete components in score calculation",
          "status": "passed",
          "title": "should ignore incomplete components in score calculation",
          "duration": 9.578999999999724,
          "failureMessages": [],
          "location": { "line": 190, "column": 5 },
          "meta": {}
        },
        {
          "ancestorTitles": ["progressStore", "Reset Functions"],
          "fullName": "progressStore Reset Functions should reset all progress",
          "status": "passed",
          "title": "should reset all progress",
          "duration": 4.126400000000103,
          "failureMessages": [],
          "location": { "line": 206, "column": 5 },
          "meta": {}
        },
        {
          "ancestorTitles": ["progressStore", "Reset Functions"],
          "fullName": "progressStore Reset Functions should reset specific component progress",
          "status": "passed",
          "title": "should reset specific component progress",
          "duration": 6.19589999999971,
          "failureMessages": [],
          "location": { "line": 219, "column": 5 },
          "meta": {}
        },
        {
          "ancestorTitles": ["progressStore", "Reset Functions"],
          "fullName": "progressStore Reset Functions should handle resetting non-existent component",
          "status": "passed",
          "title": "should handle resetting non-existent component",
          "duration": 9.512499999999818,
          "failureMessages": [],
          "location": { "line": 231, "column": 5 },
          "meta": {}
        },
        {
          "ancestorTitles": ["progressStore", "Persistence"],
          "fullName": "progressStore Persistence should persist component progress across store instances",
          "status": "passed",
          "title": "should persist component progress across store instances",
          "duration": 5.2169999999996435,
          "failureMessages": [],
          "location": { "line": 243, "column": 5 },
          "meta": {}
        },
        {
          "ancestorTitles": ["progressStore", "Edge Cases"],
          "fullName": "progressStore Edge Cases should handle score of 0",
          "status": "passed",
          "title": "should handle score of 0",
          "duration": 6.6140000000004875,
          "failureMessages": [],
          "location": { "line": 257, "column": 5 },
          "meta": {}
        },
        {
          "ancestorTitles": ["progressStore", "Edge Cases"],
          "fullName": "progressStore Edge Cases should handle perfect score of 100",
          "status": "passed",
          "title": "should handle perfect score of 100",
          "duration": 3.3208000000004176,
          "failureMessages": [],
          "location": { "line": 268, "column": 5 },
          "meta": {}
        },
        {
          "ancestorTitles": ["progressStore", "Edge Cases"],
          "fullName": "progressStore Edge Cases should handle zero time spent",
          "status": "passed",
          "title": "should handle zero time spent",
          "duration": 2.9025000000001455,
          "failureMessages": [],
          "location": { "line": 278, "column": 5 },
          "meta": {}
        },
        {
          "ancestorTitles": ["progressStore", "Edge Cases"],
          "fullName": "progressStore Edge Cases should handle very large time spent values",
          "status": "passed",
          "title": "should handle very large time spent values",
          "duration": 5.040899999999965,
          "failureMessages": [],
          "location": { "line": 288, "column": 5 },
          "meta": {}
        },
        {
          "ancestorTitles": ["progressStore", "Edge Cases"],
          "fullName": "progressStore Edge Cases should handle component IDs with special characters",
          "status": "passed",
          "title": "should handle component IDs with special characters",
          "duration": 2.3469999999997526,
          "failureMessages": [],
          "location": { "line": 299, "column": 5 },
          "meta": {}
        },
        {
          "ancestorTitles": ["progressStore", "Edge Cases"],
          "fullName": "progressStore Edge Cases should handle rapid sequential updates",
          "status": "passed",
          "title": "should handle rapid sequential updates",
          "duration": 2.9070999999994456,
          "failureMessages": [],
          "location": { "line": 310, "column": 5 },
          "meta": {}
        }
      ],
      "startTime": 1764358680318,
      "endTime": 1764358680490.907,
      "status": "passed",
      "message": "",
      "name": "C:/Users/brand/Development/Project_Workspace/active-development/learn_comptia_network+/tests/unit/stores/progressStore.test.ts"
    }
  ]
}
