{"numTotalTestSuites":232,"numPassedTestSuites":232,"numFailedTestSuites":0,"numPendingTestSuites":0,"numTotalTests":579,"numPassedTests":579,"numFailedTests":0,"numPendingTests":0,"numTodoTests":0,"snapshot":{"added":0,"failure":false,"filesAdded":0,"filesRemoved":0,"filesRemovedList":[],"filesUnmatched":0,"filesUpdated":0,"matched":0,"total":0,"unchecked":0,"uncheckedKeysByFile":[],"unmatched":0,"updated":0,"didUpdate":false},"startTime":1764618878052,"success":true,"testResults":[{"assertionResults":[{"ancestorTitles":["API Client","Request Handling"],"fullName":"API Client Request Handling should make GET request successfully","status":"passed","title":"should make GET request successfully","duration":8.695300000000316,"failureMessages":[],"location":{"line":39,"column":5},"meta":{}},{"ancestorTitles":["API Client","Request Handling"],"fullName":"API Client Request Handling should make POST request with body","status":"passed","title":"should make POST request with body","duration":1.8847999999998137,"failureMessages":[],"location":{"line":56,"column":5},"meta":{}},{"ancestorTitles":["API Client","Request Handling"],"fullName":"API Client Request Handling should include auth token in headers","status":"passed","title":"should include auth token in headers","duration":5.614399999999478,"failureMessages":[],"location":{"line":74,"column":5},"meta":{}},{"ancestorTitles":["API Client","Request Handling"],"fullName":"API Client Request Handling should handle network errors","status":"passed","title":"should handle network errors","duration":5.871399999999994,"failureMessages":[],"location":{"line":96,"column":5},"meta":{}},{"ancestorTitles":["API Client","Request Handling"],"fullName":"API Client Request Handling should handle timeout errors","status":"passed","title":"should handle timeout errors","duration":118.45250000000033,"failureMessages":[],"location":{"line":109,"column":5},"meta":{}},{"ancestorTitles":["API Client","Error Handling"],"fullName":"API Client Error Handling should parse 401 error correctly","status":"passed","title":"should parse 401 error correctly","duration":2.622300000000905,"failureMessages":[],"location":{"line":128,"column":5},"meta":{}},{"ancestorTitles":["API Client","Error Handling"],"fullName":"API Client Error Handling should parse validation errors correctly","status":"passed","title":"should parse validation errors correctly","duration":3.9921999999987747,"failureMessages":[],"location":{"line":150,"column":5},"meta":{}},{"ancestorTitles":["Authentication Service","Login"],"fullName":"Authentication Service Login should login successfully with demo credentials","status":"passed","title":"should login successfully with demo credentials","duration":803.0103999999992,"failureMessages":[],"location":{"line":185,"column":5},"meta":{}},{"ancestorTitles":["Authentication Service","Login"],"fullName":"Authentication Service Login should reject invalid credentials","status":"passed","title":"should reject invalid credentials","duration":800.3721000000005,"failureMessages":[],"location":{"line":200,"column":5},"meta":{}},{"ancestorTitles":["Authentication Service","Login"],"fullName":"Authentication Service Login should store token in localStorage when rememberMe is true","status":"passed","title":"should store token in localStorage when rememberMe is true","duration":801.6466,"failureMessages":[],"location":{"line":214,"column":5},"meta":{}},{"ancestorTitles":["Authentication Service","Register"],"fullName":"Authentication Service Register should register new user successfully","status":"passed","title":"should register new user successfully","duration":1001.7555000000011,"failureMessages":[],"location":{"line":229,"column":5},"meta":{}},{"ancestorTitles":["Authentication Service","Register"],"fullName":"Authentication Service Register should reject duplicate email","status":"passed","title":"should reject duplicate email","duration":1001.3345000000008,"failureMessages":[],"location":{"line":248,"column":5},"meta":{}},{"ancestorTitles":["Authentication Service","Register"],"fullName":"Authentication Service Register should reject password mismatch","status":"passed","title":"should reject password mismatch","duration":1001.2808000000005,"failureMessages":[],"location":{"line":266,"column":5},"meta":{}},{"ancestorTitles":["Authentication Service","Logout"],"fullName":"Authentication Service Logout should clear auth data on logout","status":"passed","title":"should clear auth data on logout","duration":1103.7595000000001,"failureMessages":[],"location":{"line":286,"column":5},"meta":{}},{"ancestorTitles":["Progress Service"],"fullName":"Progress Service should update component progress","status":"passed","title":"should update component progress","duration":300.51910000000134,"failureMessages":[],"location":{"line":311,"column":3},"meta":{}},{"ancestorTitles":["Progress Service"],"fullName":"Progress Service should get all progress","status":"passed","title":"should get all progress","duration":1004.154700000001,"failureMessages":[],"location":{"line":324,"column":3},"meta":{}},{"ancestorTitles":["Progress Service"],"fullName":"Progress Service should calculate category progress correctly","status":"passed","title":"should calculate category progress correctly","duration":0.5760000000009313,"failureMessages":[],"location":{"line":334,"column":3},"meta":{}},{"ancestorTitles":["Assessment Service"],"fullName":"Assessment Service should get quiz by ID","status":"passed","title":"should get quiz by ID","duration":401.4573999999993,"failureMessages":[],"location":{"line":367,"column":3},"meta":{}},{"ancestorTitles":["Assessment Service"],"fullName":"Assessment Service should submit quiz and calculate score","status":"passed","title":"should submit quiz and calculate score","duration":1604.459799999997,"failureMessages":[],"location":{"line":376,"column":3},"meta":{}},{"ancestorTitles":["Assessment Service"],"fullName":"Assessment Service should store quiz attempts","status":"passed","title":"should store quiz attempts","duration":1903.8149999999987,"failureMessages":[],"location":{"line":399,"column":3},"meta":{}},{"ancestorTitles":["User Service"],"fullName":"User Service should get user profile","status":"passed","title":"should get user profile","duration":1103.249200000002,"failureMessages":[],"location":{"line":437,"column":3},"meta":{}},{"ancestorTitles":["User Service"],"fullName":"User Service should update user profile","status":"passed","title":"should update user profile","duration":1302.343399999998,"failureMessages":[],"location":{"line":444,"column":3},"meta":{}},{"ancestorTitles":["User Service"],"fullName":"User Service should get user settings","status":"passed","title":"should get user settings","duration":1124.131699999998,"failureMessages":[],"location":{"line":456,"column":3},"meta":{}},{"ancestorTitles":["User Service"],"fullName":"User Service should update user settings","status":"passed","title":"should update user settings","duration":1502.2989000000016,"failureMessages":[],"location":{"line":464,"column":3},"meta":{}}],"startTime":1764618886220,"endTime":1764618903130.2988,"status":"passed","message":"","name":"C:/Users/brand/Development/Project_Workspace/active-development/learn_comptia_network+/tests/integration/api-integration.test.ts"},{"assertionResults":[{"ancestorTitles":["Login Flow"],"fullName":"Login Flow should render login form","status":"passed","title":"should render login form","duration":299.6121000000003,"failureMessages":[],"location":{"line":33,"column":3},"meta":{}},{"ancestorTitles":["Login Flow"],"fullName":"Login Flow should validate email format","status":"passed","title":"should validate email format","duration":658.7327999999998,"failureMessages":[],"location":{"line":45,"column":3},"meta":{}},{"ancestorTitles":["Login Flow"],"fullName":"Login Flow should require password","status":"passed","title":"should require password","duration":388.3837999999996,"failureMessages":[],"location":{"line":65,"column":3},"meta":{}},{"ancestorTitles":["Login Flow"],"fullName":"Login Flow should login successfully with valid credentials","status":"passed","title":"should login successfully with valid credentials","duration":522.9675000000007,"failureMessages":[],"location":{"line":85,"column":3},"meta":{}},{"ancestorTitles":["Login Flow"],"fullName":"Login Flow should show error for invalid credentials","status":"passed","title":"should show error for invalid credentials","duration":534.2289000000001,"failureMessages":[],"location":{"line":110,"column":3},"meta":{}},{"ancestorTitles":["Login Flow"],"fullName":"Login Flow should remember user when remember me is checked","status":"passed","title":"should remember user when remember me is checked","duration":540.1373000000003,"failureMessages":[],"location":{"line":136,"column":3},"meta":{}},{"ancestorTitles":["Registration Flow"],"fullName":"Registration Flow should render registration form","status":"passed","title":"should render registration form","duration":63.061900000000605,"failureMessages":[],"location":{"line":175,"column":3},"meta":{}},{"ancestorTitles":["Registration Flow"],"fullName":"Registration Flow should validate password strength","status":"passed","title":"should validate password strength","duration":165.48409999999967,"failureMessages":[],"location":{"line":190,"column":3},"meta":{}},{"ancestorTitles":["Registration Flow"],"fullName":"Registration Flow should validate password match","status":"passed","title":"should validate password match","duration":955.3292000000001,"failureMessages":[],"location":{"line":212,"column":3},"meta":{}},{"ancestorTitles":["Registration Flow"],"fullName":"Registration Flow should register successfully with valid data","status":"passed","title":"should register successfully with valid data","duration":668.7376999999997,"failureMessages":[],"location":{"line":242,"column":3},"meta":{}},{"ancestorTitles":["Session Management"],"fullName":"Session Management should restore session from storage","status":"passed","title":"should restore session from storage","duration":1.8194000000003143,"failureMessages":[],"location":{"line":280,"column":3},"meta":{}},{"ancestorTitles":["Session Management"],"fullName":"Session Management should clear session on logout","status":"passed","title":"should clear session on logout","duration":1.8747999999995955,"failureMessages":[],"location":{"line":305,"column":3},"meta":{}}],"startTime":1764618886976,"endTime":1764618891779.8748,"status":"passed","message":"","name":"C:/Users/brand/Development/Project_Workspace/active-development/learn_comptia_network+/tests/integration/auth-flow.test.tsx"},{"assertionResults":[{"ancestorTitles":["Quiz Component Integration","Quiz Flow"],"fullName":"Quiz Component Integration Quiz Flow should render quiz with questions","status":"passed","title":"should render quiz with questions","duration":9.44000000000051,"failureMessages":[],"location":{"line":16,"column":5},"meta":{}},{"ancestorTitles":["Quiz Component Integration","Quiz Flow"],"fullName":"Quiz Component Integration Quiz Flow should handle answer selection","status":"passed","title":"should handle answer selection","duration":4.031500000000051,"failureMessages":[],"location":{"line":31,"column":5},"meta":{}},{"ancestorTitles":["Quiz Component Integration","Quiz Flow"],"fullName":"Quiz Component Integration Quiz Flow should calculate and display score","status":"passed","title":"should calculate and display score","duration":0.8661000000001877,"failureMessages":[],"location":{"line":41,"column":5},"meta":{}},{"ancestorTitles":["Quiz Component Integration","Quiz Flow"],"fullName":"Quiz Component Integration Quiz Flow should track quiz progress","status":"passed","title":"should track quiz progress","duration":0.9877999999998792,"failureMessages":[],"location":{"line":52,"column":5},"meta":{}},{"ancestorTitles":["Quiz Component Integration","Quiz Flow"],"fullName":"Quiz Component Integration Quiz Flow should handle quiz completion","status":"passed","title":"should handle quiz completion","duration":0.4934000000002925,"failureMessages":[],"location":{"line":64,"column":5},"meta":{}},{"ancestorTitles":["Quiz Component Integration","Interactive Diagram Integration"],"fullName":"Quiz Component Integration Interactive Diagram Integration should handle node selection in network diagram","status":"passed","title":"should handle node selection in network diagram","duration":0.7362000000002809,"failureMessages":[],"location":{"line":80,"column":5},"meta":{}},{"ancestorTitles":["Quiz Component Integration","Interactive Diagram Integration"],"fullName":"Quiz Component Integration Interactive Diagram Integration should validate cable connections","status":"passed","title":"should validate cable connections","duration":0.45020000000022264,"failureMessages":[],"location":{"line":89,"column":5},"meta":{}},{"ancestorTitles":["Quiz Component Integration","Interactive Diagram Integration"],"fullName":"Quiz Component Integration Interactive Diagram Integration should detect topology errors","status":"passed","title":"should detect topology errors","duration":0.5402000000003682,"failureMessages":[],"location":{"line":100,"column":5},"meta":{}},{"ancestorTitles":["Quiz Component Integration","Progress Tracking Integration"],"fullName":"Quiz Component Integration Progress Tracking Integration should track module completion","status":"passed","title":"should track module completion","duration":0.5904000000000451,"failureMessages":[],"location":{"line":117,"column":5},"meta":{}},{"ancestorTitles":["Quiz Component Integration","Progress Tracking Integration"],"fullName":"Quiz Component Integration Progress Tracking Integration should calculate overall progress","status":"passed","title":"should calculate overall progress","duration":0.40530000000035216,"failureMessages":[],"location":{"line":127,"column":5},"meta":{}},{"ancestorTitles":["Quiz Component Integration","Progress Tracking Integration"],"fullName":"Quiz Component Integration Progress Tracking Integration should update progress on activity completion","status":"passed","title":"should update progress on activity completion","duration":1.2455999999992855,"failureMessages":[],"location":{"line":142,"column":5},"meta":{}},{"ancestorTitles":["Quiz Component Integration","User Authentication Integration"],"fullName":"Quiz Component Integration User Authentication Integration should handle user login","status":"passed","title":"should handle user login","duration":0.680899999999383,"failureMessages":[],"location":{"line":154,"column":5},"meta":{}},{"ancestorTitles":["Quiz Component Integration","User Authentication Integration"],"fullName":"Quiz Component Integration User Authentication Integration should persist user session","status":"passed","title":"should persist user session","duration":0.508600000000115,"failureMessages":[],"location":{"line":163,"column":5},"meta":{}},{"ancestorTitles":["Quiz Component Integration","Data Persistence Integration"],"fullName":"Quiz Component Integration Data Persistence Integration should save quiz progress to localStorage","status":"passed","title":"should save quiz progress to localStorage","duration":0.5943999999999505,"failureMessages":[],"location":{"line":179,"column":5},"meta":{}},{"ancestorTitles":["Quiz Component Integration","Data Persistence Integration"],"fullName":"Quiz Component Integration Data Persistence Integration should restore quiz state from localStorage","status":"passed","title":"should restore quiz state from localStorage","duration":0.4705000000003565,"failureMessages":[],"location":{"line":194,"column":5},"meta":{}}],"startTime":1764618889083,"endTime":1764618889107.4705,"status":"passed","message":"","name":"C:/Users/brand/Development/Project_Workspace/active-development/learn_comptia_network+/tests/integration/components.test.ts"},{"assertionResults":[{"ancestorTitles":["Navigation Integration","Route Navigation"],"fullName":"Navigation Integration Route Navigation should render the layout with navigation","status":"passed","title":"should render the layout with navigation","duration":433.0553,"failureMessages":[],"location":{"line":50,"column":5},"meta":{}},{"ancestorTitles":["Navigation Integration","Route Navigation"],"fullName":"Navigation Integration Route Navigation should navigate to cloud architecture via sidebar","status":"passed","title":"should navigate to cloud architecture via sidebar","duration":584.7302,"failureMessages":[],"location":{"line":61,"column":5},"meta":{}},{"ancestorTitles":["Navigation Integration","Route Navigation"],"fullName":"Navigation Integration Route Navigation should navigate to protocol trainer via sidebar","status":"passed","title":"should navigate to protocol trainer via sidebar","duration":388.3122999999996,"failureMessages":[],"location":{"line":77,"column":5},"meta":{}},{"ancestorTitles":["Navigation Integration","Route Navigation"],"fullName":"Navigation Integration Route Navigation should navigate to media selection via sidebar","status":"passed","title":"should navigate to media selection via sidebar","duration":359.67139999999927,"failureMessages":[],"location":{"line":93,"column":5},"meta":{}},{"ancestorTitles":["Navigation Integration","Route Navigation"],"fullName":"Navigation Integration Route Navigation should navigate back to home","status":"passed","title":"should navigate back to home","duration":217.16170000000056,"failureMessages":[],"location":{"line":109,"column":5},"meta":{}},{"ancestorTitles":["Navigation Integration","Sidebar Navigation"],"fullName":"Navigation Integration Sidebar Navigation should display sidebar with navigation sections","status":"passed","title":"should display sidebar with navigation sections","duration":181.4354000000003,"failureMessages":[],"location":{"line":128,"column":5},"meta":{}},{"ancestorTitles":["Navigation Integration","Sidebar Navigation"],"fullName":"Navigation Integration Sidebar Navigation should have expandable sections","status":"passed","title":"should have expandable sections","duration":151.71119999999974,"failureMessages":[],"location":{"line":137,"column":5},"meta":{}},{"ancestorTitles":["Navigation Integration","Sidebar Navigation"],"fullName":"Navigation Integration Sidebar Navigation should show learning objectives","status":"passed","title":"should show learning objectives","duration":57.14979999999923,"failureMessages":[],"location":{"line":145,"column":5},"meta":{}},{"ancestorTitles":["Navigation Integration","Browser History"],"fullName":"Navigation Integration Browser History should support back button navigation","status":"passed","title":"should support back button navigation","duration":358.7389000000003,"failureMessages":[],"location":{"line":159,"column":5},"meta":{}},{"ancestorTitles":["Navigation Integration","Browser History"],"fullName":"Navigation Integration Browser History should support forward button navigation","status":"passed","title":"should support forward button navigation","duration":472.80009999999857,"failureMessages":[],"location":{"line":176,"column":5},"meta":{}},{"ancestorTitles":["Navigation Integration","Deep Linking"],"fullName":"Navigation Integration Deep Linking should load directly to cloud architecture","status":"passed","title":"should load directly to cloud architecture","duration":85.30359999999928,"failureMessages":[],"location":{"line":205,"column":5},"meta":{}},{"ancestorTitles":["Navigation Integration","Deep Linking"],"fullName":"Navigation Integration Deep Linking should load directly to protocol trainer","status":"passed","title":"should load directly to protocol trainer","duration":101.66140000000087,"failureMessages":[],"location":{"line":211,"column":5},"meta":{}},{"ancestorTitles":["Navigation Integration","Deep Linking"],"fullName":"Navigation Integration Deep Linking should handle root route","status":"passed","title":"should handle root route","duration":114.82799999999952,"failureMessages":[],"location":{"line":217,"column":5},"meta":{}},{"ancestorTitles":["Navigation Integration","Store Integration"],"fullName":"Navigation Integration Store Integration should have theme state available","status":"passed","title":"should have theme state available","duration":63.42120000000068,"failureMessages":[],"location":{"line":229,"column":5},"meta":{}},{"ancestorTitles":["Navigation Integration","Store Integration"],"fullName":"Navigation Integration Store Integration should have progress state available","status":"passed","title":"should have progress state available","duration":88.46750000000065,"failureMessages":[],"location":{"line":236,"column":5},"meta":{}},{"ancestorTitles":["Navigation Integration","Breadcrumbs"],"fullName":"Navigation Integration Breadcrumbs should display breadcrumbs for nested routes","status":"passed","title":"should display breadcrumbs for nested routes","duration":77.20989999999983,"failureMessages":[],"location":{"line":249,"column":5},"meta":{}},{"ancestorTitles":["Navigation Integration","Breadcrumbs"],"fullName":"Navigation Integration Breadcrumbs should display current page in breadcrumbs","status":"passed","title":"should display current page in breadcrumbs","duration":69.1314999999995,"failureMessages":[],"location":{"line":260,"column":5},"meta":{}},{"ancestorTitles":["Navigation Integration","Sidebar Collapse"],"fullName":"Navigation Integration Sidebar Collapse should have a collapse button","status":"passed","title":"should have a collapse button","duration":194.3117999999995,"failureMessages":[],"location":{"line":276,"column":5},"meta":{}},{"ancestorTitles":["Navigation Integration","Sidebar Collapse"],"fullName":"Navigation Integration Sidebar Collapse should toggle sidebar visibility","status":"passed","title":"should toggle sidebar visibility","duration":137.65409999999974,"failureMessages":[],"location":{"line":285,"column":5},"meta":{}},{"ancestorTitles":["Navigation Integration","Navigation Accessibility"],"fullName":"Navigation Integration Navigation Accessibility should have navigation landmark","status":"passed","title":"should have navigation landmark","duration":65.96060000000034,"failureMessages":[],"location":{"line":304,"column":5},"meta":{}},{"ancestorTitles":["Navigation Integration","Navigation Accessibility"],"fullName":"Navigation Integration Navigation Accessibility should have main content area","status":"passed","title":"should have main content area","duration":69.74759999999878,"failureMessages":[],"location":{"line":311,"column":5},"meta":{}},{"ancestorTitles":["Navigation Integration","Navigation Accessibility"],"fullName":"Navigation Integration Navigation Accessibility should support keyboard navigation","status":"passed","title":"should support keyboard navigation","duration":93.27489999999852,"failureMessages":[],"location":{"line":318,"column":5},"meta":{}},{"ancestorTitles":["Navigation Integration","Navigation Performance"],"fullName":"Navigation Integration Navigation Performance should navigate within reasonable time","status":"passed","title":"should navigate within reasonable time","duration":217.35729999999967,"failureMessages":[],"location":{"line":334,"column":5},"meta":{}},{"ancestorTitles":["Navigation Integration","Navigation Performance"],"fullName":"Navigation Integration Navigation Performance should handle multiple navigations without issues","status":"passed","title":"should handle multiple navigations without issues","duration":791.796699999999,"failureMessages":[],"location":{"line":350,"column":5},"meta":{}}],"startTime":1764618886908,"endTime":1764618892289.7966,"status":"passed","message":"","name":"C:/Users/brand/Development/Project_Workspace/active-development/learn_comptia_network+/tests/integration/navigation.test.tsx"},{"assertionResults":[{"ancestorTitles":["Routing Integration","Root Route"],"fullName":"Routing Integration Root Route should render home page at root route","status":"passed","title":"should render home page at root route","duration":339.71750000000065,"failureMessages":[],"location":{"line":22,"column":5},"meta":{}},{"ancestorTitles":["Routing Integration","Root Route"],"fullName":"Routing Integration Root Route should show loading state during lazy load","status":"passed","title":"should show loading state during lazy load","duration":135.14229999999952,"failureMessages":[],"location":{"line":37,"column":5},"meta":{}},{"ancestorTitles":["Routing Integration","OSI Model Routes"],"fullName":"Routing Integration OSI Model Routes should load layer builder route","status":"passed","title":"should load layer builder route","duration":371.39789999999994,"failureMessages":[],"location":{"line":52,"column":5},"meta":{}},{"ancestorTitles":["Routing Integration","OSI Model Routes"],"fullName":"Routing Integration OSI Model Routes should load packet journey route","status":"passed","title":"should load packet journey route","duration":135.1910000000007,"failureMessages":[],"location":{"line":67,"column":5},"meta":{}},{"ancestorTitles":["Routing Integration","OSI Model Routes"],"fullName":"Routing Integration OSI Model Routes should load troubleshooting route","status":"passed","title":"should load troubleshooting route","duration":318.7019,"failureMessages":[],"location":{"line":82,"column":5},"meta":{}},{"ancestorTitles":["Routing Integration","Cloud Routes"],"fullName":"Routing Integration Cloud Routes should load cloud summary builder","status":"passed","title":"should load cloud summary builder","duration":488.8639000000003,"failureMessages":[],"location":{"line":99,"column":5},"meta":{}},{"ancestorTitles":["Routing Integration","Cloud Routes"],"fullName":"Routing Integration Cloud Routes should load cloud architecture designer","status":"passed","title":"should load cloud architecture designer","duration":166.09890000000087,"failureMessages":[],"location":{"line":114,"column":5},"meta":{}},{"ancestorTitles":["Routing Integration","Ports & Protocols Routes"],"fullName":"Routing Integration Ports & Protocols Routes should load port protocol trainer","status":"passed","title":"should load port protocol trainer","duration":81.66839999999866,"failureMessages":[],"location":{"line":131,"column":5},"meta":{}},{"ancestorTitles":["Routing Integration","Ports & Protocols Routes"],"fullName":"Routing Integration Ports & Protocols Routes should load traffic demo","status":"passed","title":"should load traffic demo","duration":207.60639999999876,"failureMessages":[],"location":{"line":146,"column":5},"meta":{}},{"ancestorTitles":["Routing Integration","Ports & Protocols Routes"],"fullName":"Routing Integration Ports & Protocols Routes should load port scanner","status":"passed","title":"should load port scanner","duration":199.86340000000018,"failureMessages":[],"location":{"line":161,"column":5},"meta":{}},{"ancestorTitles":["Routing Integration","Assessment Routes"],"fullName":"Routing Integration Assessment Routes should load integrated simulator","status":"passed","title":"should load integrated simulator","duration":228.49889999999868,"failureMessages":[],"location":{"line":178,"column":5},"meta":{}},{"ancestorTitles":["Routing Integration","Assessment Routes"],"fullName":"Routing Integration Assessment Routes should load progress dashboard","status":"passed","title":"should load progress dashboard","duration":468.3749000000007,"failureMessages":[],"location":{"line":193,"column":5},"meta":{}},{"ancestorTitles":["Routing Integration","Error Handling"],"fullName":"Routing Integration Error Handling should handle 404 routes with error boundary","status":"passed","title":"should handle 404 routes with error boundary","duration":9.659200000000055,"failureMessages":[],"location":{"line":210,"column":5},"meta":{}},{"ancestorTitles":["Routing Integration","Lazy Loading"],"fullName":"Routing Integration Lazy Loading should suspend and show loading fallback","status":"passed","title":"should suspend and show loading fallback","duration":50.843800000000556,"failureMessages":[],"location":{"line":229,"column":5},"meta":{}},{"ancestorTitles":["Routing Integration","Lazy Loading"],"fullName":"Routing Integration Lazy Loading should load multiple routes sequentially","status":"passed","title":"should load multiple routes sequentially","duration":186.51499999999942,"failureMessages":[],"location":{"line":241,"column":5},"meta":{}},{"ancestorTitles":["Routing Integration","Navigation"],"fullName":"Routing Integration Navigation should maintain providers across route changes","status":"passed","title":"should maintain providers across route changes","duration":126.68329999999878,"failureMessages":[],"location":{"line":264,"column":5},"meta":{}},{"ancestorTitles":["Routing Integration","MainLayout Integration"],"fullName":"Routing Integration MainLayout Integration should wrap all routes with MainLayout","status":"passed","title":"should wrap all routes with MainLayout","duration":45.19709999999941,"failureMessages":[],"location":{"line":289,"column":5},"meta":{}},{"ancestorTitles":["Routing Integration","Route Transitions"],"fullName":"Routing Integration Route Transitions should handle rapid route changes","status":"passed","title":"should handle rapid route changes","duration":88.0594000000001,"failureMessages":[],"location":{"line":303,"column":5},"meta":{}},{"ancestorTitles":["Routing Integration","Route Transitions"],"fullName":"Routing Integration Route Transitions should cleanup previous route on navigation","status":"passed","title":"should cleanup previous route on navigation","duration":79.66209999999955,"failureMessages":[],"location":{"line":324,"column":5},"meta":{}},{"ancestorTitles":["Routing Integration","Performance"],"fullName":"Routing Integration Performance should load routes efficiently","status":"passed","title":"should load routes efficiently","duration":48.298000000000684,"failureMessages":[],"location":{"line":352,"column":5},"meta":{}}],"startTime":1764618886860,"endTime":1764618890642.298,"status":"passed","message":"","name":"C:/Users/brand/Development/Project_Workspace/active-development/learn_comptia_network+/tests/integration/routing.test.tsx"},{"assertionResults":[{"ancestorTitles":["State Management Integration","Progress State"],"fullName":"State Management Integration Progress State should update component progress","status":"passed","title":"should update component progress","duration":5.441899999999805,"failureMessages":[],"location":{"line":48,"column":5},"meta":{}},{"ancestorTitles":["State Management Integration","Progress State"],"fullName":"State Management Integration Progress State should calculate total score correctly","status":"passed","title":"should calculate total score correctly","duration":1.3611000000000786,"failureMessages":[],"location":{"line":59,"column":5},"meta":{}},{"ancestorTitles":["State Management Integration","Progress State"],"fullName":"State Management Integration Progress State should mark components as complete","status":"passed","title":"should mark components as complete","duration":2.2213999999994485,"failureMessages":[],"location":{"line":72,"column":5},"meta":{}},{"ancestorTitles":["State Management Integration","Progress State"],"fullName":"State Management Integration Progress State should not duplicate completed components","status":"passed","title":"should not duplicate completed components","duration":0.8631999999997788,"failureMessages":[],"location":{"line":83,"column":5},"meta":{}},{"ancestorTitles":["State Management Integration","Progress State"],"fullName":"State Management Integration Progress State should update last activity timestamp","status":"passed","title":"should update last activity timestamp","duration":0.8469999999997526,"failureMessages":[],"location":{"line":99,"column":5},"meta":{}},{"ancestorTitles":["State Management Integration","Theme State"],"fullName":"State Management Integration Theme State should toggle theme","status":"passed","title":"should toggle theme","duration":4.179500000000189,"failureMessages":[],"location":{"line":118,"column":5},"meta":{}},{"ancestorTitles":["State Management Integration","Theme State"],"fullName":"State Management Integration Theme State should toggle between light and dark","status":"passed","title":"should toggle between light and dark","duration":0.6263999999991938,"failureMessages":[],"location":{"line":131,"column":5},"meta":{}},{"ancestorTitles":["State Management Integration","Navigation State"],"fullName":"State Management Integration Navigation State should update current path","status":"passed","title":"should update current path","duration":0.5493999999998778,"failureMessages":[],"location":{"line":155,"column":5},"meta":{}},{"ancestorTitles":["State Management Integration","Navigation State"],"fullName":"State Management Integration Navigation State should track path changes","status":"passed","title":"should track path changes","duration":0.6334999999999127,"failureMessages":[],"location":{"line":166,"column":5},"meta":{}},{"ancestorTitles":["State Management Integration","Loading State"],"fullName":"State Management Integration Loading State should set loading state","status":"passed","title":"should set loading state","duration":0.39140000000043074,"failureMessages":[],"location":{"line":185,"column":5},"meta":{}},{"ancestorTitles":["State Management Integration","Loading State"],"fullName":"State Management Integration Loading State should clear loading state","status":"passed","title":"should clear loading state","duration":0.4438000000000102,"failureMessages":[],"location":{"line":196,"column":5},"meta":{}},{"ancestorTitles":["State Management Integration","State Persistence"],"fullName":"State Management Integration State Persistence should persist progress to localStorage","status":"passed","title":"should persist progress to localStorage","duration":0.9345000000002983,"failureMessages":[],"location":{"line":214,"column":5},"meta":{}},{"ancestorTitles":["State Management Integration","State Persistence"],"fullName":"State Management Integration State Persistence should persist theme to localStorage","status":"passed","title":"should persist theme to localStorage","duration":0.5204000000003361,"failureMessages":[],"location":{"line":230,"column":5},"meta":{}},{"ancestorTitles":["State Management Integration","State Persistence"],"fullName":"State Management Integration State Persistence should restore state from localStorage","status":"passed","title":"should restore state from localStorage","duration":0.47440000000005966,"failureMessages":[],"location":{"line":243,"column":5},"meta":{}},{"ancestorTitles":["State Management Integration","State Persistence"],"fullName":"State Management Integration State Persistence should handle corrupted localStorage gracefully","status":"passed","title":"should handle corrupted localStorage gracefully","duration":1.190099999999802,"failureMessages":[],"location":{"line":266,"column":5},"meta":{}},{"ancestorTitles":["State Management Integration","Multiple Updates"],"fullName":"State Management Integration Multiple Updates should handle rapid successive updates","status":"passed","title":"should handle rapid successive updates","duration":3.6494000000002416,"failureMessages":[],"location":{"line":282,"column":5},"meta":{}},{"ancestorTitles":["State Management Integration","Multiple Updates"],"fullName":"State Management Integration Multiple Updates should maintain data consistency with concurrent updates","status":"passed","title":"should maintain data consistency with concurrent updates","duration":0.8724000000001979,"failureMessages":[],"location":{"line":295,"column":5},"meta":{}},{"ancestorTitles":["State Management Integration","Edge Cases"],"fullName":"State Management Integration Edge Cases should handle empty component ID","status":"passed","title":"should handle empty component ID","duration":0.49390000000039436,"failureMessages":[],"location":{"line":315,"column":5},"meta":{}},{"ancestorTitles":["State Management Integration","Edge Cases"],"fullName":"State Management Integration Edge Cases should handle negative scores","status":"passed","title":"should handle negative scores","duration":0.4113999999999578,"failureMessages":[],"location":{"line":326,"column":5},"meta":{}},{"ancestorTitles":["State Management Integration","Edge Cases"],"fullName":"State Management Integration Edge Cases should handle scores over 100","status":"passed","title":"should handle scores over 100","duration":0.40390000000024884,"failureMessages":[],"location":{"line":338,"column":5},"meta":{}},{"ancestorTitles":["State Management Integration","Edge Cases"],"fullName":"State Management Integration Edge Cases should handle very long path strings","status":"passed","title":"should handle very long path strings","duration":0.394800000000032,"failureMessages":[],"location":{"line":349,"column":5},"meta":{}},{"ancestorTitles":["State Management Integration","Performance"],"fullName":"State Management Integration Performance should update state quickly","status":"passed","title":"should update state quickly","duration":0.4778999999998632,"failureMessages":[],"location":{"line":367,"column":5},"meta":{}},{"ancestorTitles":["State Management Integration","Performance"],"fullName":"State Management Integration Performance should handle large state efficiently","status":"passed","title":"should handle large state efficiently","duration":810.1191999999992,"failureMessages":[],"location":{"line":380,"column":5},"meta":{}},{"ancestorTitles":["State Management Integration","Subscribers"],"fullName":"State Management Integration Subscribers should notify subscribers on state change","status":"passed","title":"should notify subscribers on state change","duration":7.66150000000016,"failureMessages":[],"location":{"line":401,"column":5},"meta":{}},{"ancestorTitles":["State Management Integration","Subscribers"],"fullName":"State Management Integration Subscribers should allow multiple subscribers","status":"passed","title":"should allow multiple subscribers","duration":1.784299999999348,"failureMessages":[],"location":{"line":420,"column":5},"meta":{}}],"startTime":1764618886032,"endTime":1764618886881.7842,"status":"passed","message":"","name":"C:/Users/brand/Development/Project_Workspace/active-development/learn_comptia_network+/tests/integration/state-management.test.tsx"},{"assertionResults":[{"ancestorTitles":["Integrated Assessment Component","Scenario Simulator"],"fullName":"Integrated Assessment Component Scenario Simulator should initialize network troubleshooting scenario","status":"passed","title":"should initialize network troubleshooting scenario","duration":3.6898999999993976,"failureMessages":[],"location":{"line":10,"column":5},"meta":{}},{"ancestorTitles":["Integrated Assessment Component","Scenario Simulator"],"fullName":"Integrated Assessment Component Scenario Simulator should validate correct troubleshooting steps","status":"passed","title":"should validate correct troubleshooting steps","duration":0.6395000000002256,"failureMessages":[],"location":{"line":26,"column":5},"meta":{}},{"ancestorTitles":["Integrated Assessment Component","Scenario Simulator"],"fullName":"Integrated Assessment Component Scenario Simulator should detect incorrect troubleshooting order","status":"passed","title":"should detect incorrect troubleshooting order","duration":0.5846000000001368,"failureMessages":[],"location":{"line":50,"column":5},"meta":{}},{"ancestorTitles":["Integrated Assessment Component","Scenario Simulator"],"fullName":"Integrated Assessment Component Scenario Simulator should simulate network design scenario","status":"passed","title":"should simulate network design scenario","duration":0.7960999999995693,"failureMessages":[],"location":{"line":71,"column":5},"meta":{}},{"ancestorTitles":["Integrated Assessment Component","Scenario Simulator"],"fullName":"Integrated Assessment Component Scenario Simulator should evaluate security configuration scenario","status":"passed","title":"should evaluate security configuration scenario","duration":1.7051000000001295,"failureMessages":[],"location":{"line":87,"column":5},"meta":{}},{"ancestorTitles":["Integrated Assessment Component","Integrated Scoring System"],"fullName":"Integrated Assessment Component Integrated Scoring System should calculate comprehensive assessment score","status":"passed","title":"should calculate comprehensive assessment score","duration":0.593300000000454,"failureMessages":[],"location":{"line":108,"column":5},"meta":{}},{"ancestorTitles":["Integrated Assessment Component","Integrated Scoring System"],"fullName":"Integrated Assessment Component Integrated Scoring System should apply time bonus correctly","status":"passed","title":"should apply time bonus correctly","duration":0.3989999999994325,"failureMessages":[],"location":{"line":120,"column":5},"meta":{}},{"ancestorTitles":["Integrated Assessment Component","Integrated Scoring System"],"fullName":"Integrated Assessment Component Integrated Scoring System should penalize incorrect attempts","status":"passed","title":"should penalize incorrect attempts","duration":0.21160000000054424,"failureMessages":[],"location":{"line":131,"column":5},"meta":{}},{"ancestorTitles":["Integrated Assessment Component","Integrated Scoring System"],"fullName":"Integrated Assessment Component Integrated Scoring System should calculate domain mastery levels","status":"passed","title":"should calculate domain mastery levels","duration":0.5990999999994528,"failureMessages":[],"location":{"line":141,"column":5},"meta":{}},{"ancestorTitles":["Integrated Assessment Component","Progress Tracking"],"fullName":"Integrated Assessment Component Progress Tracking should track component completion","status":"passed","title":"should track component completion","duration":0.2921999999998661,"failureMessages":[],"location":{"line":159,"column":5},"meta":{}},{"ancestorTitles":["Integrated Assessment Component","Progress Tracking"],"fullName":"Integrated Assessment Component Progress Tracking should calculate estimated completion time","status":"passed","title":"should calculate estimated completion time","duration":0.3242000000000189,"failureMessages":[],"location":{"line":170,"column":5},"meta":{}},{"ancestorTitles":["Integrated Assessment Component","Progress Tracking"],"fullName":"Integrated Assessment Component Progress Tracking should track learning velocity","status":"passed","title":"should track learning velocity","duration":0.3261999999995169,"failureMessages":[],"location":{"line":183,"column":5},"meta":{}},{"ancestorTitles":["Integrated Assessment Component","Progress Tracking"],"fullName":"Integrated Assessment Component Progress Tracking should identify struggling areas","status":"passed","title":"should identify struggling areas","duration":0.5370000000002619,"failureMessages":[],"location":{"line":195,"column":5},"meta":{}},{"ancestorTitles":["Integrated Assessment Component","Badge Award System"],"fullName":"Integrated Assessment Component Badge Award System should award \"First Steps\" badge for completing first component","status":"passed","title":"should award \"First Steps\" badge for completing first component","duration":0.35200000000077125,"failureMessages":[],"location":{"line":210,"column":5},"meta":{}},{"ancestorTitles":["Integrated Assessment Component","Badge Award System"],"fullName":"Integrated Assessment Component Badge Award System should award \"Quick Learner\" badge for fast completion","status":"passed","title":"should award \"Quick Learner\" badge for fast completion","duration":0.2885000000005675,"failureMessages":[],"location":{"line":218,"column":5},"meta":{}},{"ancestorTitles":["Integrated Assessment Component","Badge Award System"],"fullName":"Integrated Assessment Component Badge Award System should award \"Perfect Score\" badge","status":"passed","title":"should award \"Perfect Score\" badge","duration":0.30370000000039,"failureMessages":[],"location":{"line":230,"column":5},"meta":{}},{"ancestorTitles":["Integrated Assessment Component","Badge Award System"],"fullName":"Integrated Assessment Component Badge Award System should award \"Troubleshooting Expert\" badge","status":"passed","title":"should award \"Troubleshooting Expert\" badge","duration":0.2626000000000204,"failureMessages":[],"location":{"line":241,"column":5},"meta":{}},{"ancestorTitles":["Integrated Assessment Component","Badge Award System"],"fullName":"Integrated Assessment Component Badge Award System should award \"Network Architect\" badge for design scenarios","status":"passed","title":"should award \"Network Architect\" badge for design scenarios","duration":0.27780000000075233,"failureMessages":[],"location":{"line":252,"column":5},"meta":{}},{"ancestorTitles":["Integrated Assessment Component","Badge Award System"],"fullName":"Integrated Assessment Component Badge Award System should award \"Course Champion\" badge for completing all 23 components","status":"passed","title":"should award \"Course Champion\" badge for completing all 23 components","duration":0.9246999999995751,"failureMessages":[],"location":{"line":263,"column":5},"meta":{}},{"ancestorTitles":["Integrated Assessment Component","Personalized Recommendations"],"fullName":"Integrated Assessment Component Personalized Recommendations should recommend review for weak areas","status":"passed","title":"should recommend review for weak areas","duration":0.6013000000002648,"failureMessages":[],"location":{"line":273,"column":5},"meta":{}},{"ancestorTitles":["Integrated Assessment Component","Personalized Recommendations"],"fullName":"Integrated Assessment Component Personalized Recommendations should recommend advanced topics for strong performers","status":"passed","title":"should recommend advanced topics for strong performers","duration":0.4327999999995882,"failureMessages":[],"location":{"line":287,"column":5},"meta":{}},{"ancestorTitles":["Integrated Assessment Component","Personalized Recommendations"],"fullName":"Integrated Assessment Component Personalized Recommendations should suggest practice scenarios","status":"passed","title":"should suggest practice scenarios","duration":0.46670000000085565,"failureMessages":[],"location":{"line":298,"column":5},"meta":{}},{"ancestorTitles":["Integrated Assessment Component","Certification Readiness"],"fullName":"Integrated Assessment Component Certification Readiness should calculate certification readiness score","status":"passed","title":"should calculate certification readiness score","duration":0.39170000000012806,"failureMessages":[],"location":{"line":311,"column":5},"meta":{}},{"ancestorTitles":["Integrated Assessment Component","Certification Readiness"],"fullName":"Integrated Assessment Component Certification Readiness should identify certification knowledge gaps","status":"passed","title":"should identify certification knowledge gaps","duration":0.5797000000002299,"failureMessages":[],"location":{"line":324,"column":5},"meta":{}},{"ancestorTitles":["Integrated Assessment Component","Certification Readiness"],"fullName":"Integrated Assessment Component Certification Readiness should estimate exam readiness timeline","status":"passed","title":"should estimate exam readiness timeline","duration":0.4724000000005617,"failureMessages":[],"location":{"line":339,"column":5},"meta":{}},{"ancestorTitles":["Integrated Assessment Component","Performance Analytics"],"fullName":"Integrated Assessment Component Performance Analytics should generate performance report","status":"passed","title":"should generate performance report","duration":1.1718999999993684,"failureMessages":[],"location":{"line":353,"column":5},"meta":{}},{"ancestorTitles":["Integrated Assessment Component","Performance Analytics"],"fullName":"Integrated Assessment Component Performance Analytics should track improvement over time","status":"passed","title":"should track improvement over time","duration":0.5892000000003463,"failureMessages":[],"location":{"line":368,"column":5},"meta":{}},{"ancestorTitles":["Integrated Assessment Component","Performance Analytics"],"fullName":"Integrated Assessment Component Performance Analytics should compare performance to benchmarks","status":"passed","title":"should compare performance to benchmarks","duration":2.7578000000003158,"failureMessages":[],"location":{"line":382,"column":5},"meta":{}}],"startTime":1764618882511,"endTime":1764618882533.7578,"status":"passed","message":"","name":"C:/Users/brand/Development/Project_Workspace/active-development/learn_comptia_network+/tests/unit/assessment.test.ts"},{"assertionResults":[{"ancestorTitles":["Cloud Architecture Component","Cloud Service Model Validation"],"fullName":"Cloud Architecture Component Cloud Service Model Validation should validate IaaS service model correctly","status":"passed","title":"should validate IaaS service model correctly","duration":5.455500000000029,"failureMessages":[],"location":{"line":10,"column":5},"meta":{}},{"ancestorTitles":["Cloud Architecture Component","Cloud Service Model Validation"],"fullName":"Cloud Architecture Component Cloud Service Model Validation should validate PaaS service model correctly","status":"passed","title":"should validate PaaS service model correctly","duration":1.0079999999998108,"failureMessages":[],"location":{"line":22,"column":5},"meta":{}},{"ancestorTitles":["Cloud Architecture Component","Cloud Service Model Validation"],"fullName":"Cloud Architecture Component Cloud Service Model Validation should validate SaaS service model correctly","status":"passed","title":"should validate SaaS service model correctly","duration":0.9310999999997875,"failureMessages":[],"location":{"line":33,"column":5},"meta":{}},{"ancestorTitles":["Cloud Architecture Component","Cloud Service Model Validation"],"fullName":"Cloud Architecture Component Cloud Service Model Validation should handle invalid service model types","status":"passed","title":"should handle invalid service model types","duration":0.8958999999995285,"failureMessages":[],"location":{"line":44,"column":5},"meta":{}},{"ancestorTitles":["Cloud Architecture Component","Cloud Deployment Model Validation"],"fullName":"Cloud Architecture Component Cloud Deployment Model Validation should validate public cloud deployment","status":"passed","title":"should validate public cloud deployment","duration":1.355000000000473,"failureMessages":[],"location":{"line":53,"column":5},"meta":{}},{"ancestorTitles":["Cloud Architecture Component","Cloud Deployment Model Validation"],"fullName":"Cloud Architecture Component Cloud Deployment Model Validation should validate private cloud deployment","status":"passed","title":"should validate private cloud deployment","duration":0.7982999999994718,"failureMessages":[],"location":{"line":66,"column":5},"meta":{}},{"ancestorTitles":["Cloud Architecture Component","Cloud Deployment Model Validation"],"fullName":"Cloud Architecture Component Cloud Deployment Model Validation should validate hybrid cloud deployment","status":"passed","title":"should validate hybrid cloud deployment","duration":2.144499999999425,"failureMessages":[],"location":{"line":78,"column":5},"meta":{}},{"ancestorTitles":["Cloud Architecture Component","Cloud Deployment Model Validation"],"fullName":"Cloud Architecture Component Cloud Deployment Model Validation should validate community cloud deployment","status":"passed","title":"should validate community cloud deployment","duration":0.948699999999917,"failureMessages":[],"location":{"line":90,"column":5},"meta":{}},{"ancestorTitles":["Cloud Architecture Component","Cloud Architecture Scoring"],"fullName":"Cloud Architecture Component Cloud Architecture Scoring should calculate correct score for architecture design","status":"passed","title":"should calculate correct score for architecture design","duration":1.2015000000001237,"failureMessages":[],"location":{"line":103,"column":5},"meta":{}},{"ancestorTitles":["Cloud Architecture Component","Cloud Architecture Scoring"],"fullName":"Cloud Architecture Component Cloud Architecture Scoring should calculate partial score for partially correct architecture","status":"passed","title":"should calculate partial score for partially correct architecture","duration":0.6057000000000698,"failureMessages":[],"location":{"line":122,"column":5},"meta":{}},{"ancestorTitles":["Cloud Architecture Component","Cloud Architecture Scoring"],"fullName":"Cloud Architecture Component Cloud Architecture Scoring should penalize incorrect scalability design","status":"passed","title":"should penalize incorrect scalability design","duration":0.7011000000002241,"failureMessages":[],"location":{"line":141,"column":5},"meta":{}},{"ancestorTitles":["Cloud Architecture Component","Cloud Cost Optimization"],"fullName":"Cloud Architecture Component Cloud Cost Optimization should calculate cost savings for reserved instances","status":"passed","title":"should calculate cost savings for reserved instances","duration":0.5575999999991836,"failureMessages":[],"location":{"line":163,"column":5},"meta":{}},{"ancestorTitles":["Cloud Architecture Component","Cloud Cost Optimization"],"fullName":"Cloud Architecture Component Cloud Cost Optimization should recommend right-sizing for oversized instances","status":"passed","title":"should recommend right-sizing for oversized instances","duration":0.6172000000005937,"failureMessages":[],"location":{"line":172,"column":5},"meta":{}},{"ancestorTitles":["Cloud Architecture Component","Cloud Cost Optimization"],"fullName":"Cloud Architecture Component Cloud Cost Optimization should recommend auto-scaling for variable workloads","status":"passed","title":"should recommend auto-scaling for variable workloads","duration":0.5399999999999636,"failureMessages":[],"location":{"line":184,"column":5},"meta":{}},{"ancestorTitles":["Cloud Architecture Component","Cloud Security Validation"],"fullName":"Cloud Architecture Component Cloud Security Validation should validate security group rules","status":"passed","title":"should validate security group rules","duration":0.8079999999999927,"failureMessages":[],"location":{"line":198,"column":5},"meta":{}},{"ancestorTitles":["Cloud Architecture Component","Cloud Security Validation"],"fullName":"Cloud Architecture Component Cloud Security Validation should detect overly permissive SSH access","status":"passed","title":"should detect overly permissive SSH access","duration":0.561399999999594,"failureMessages":[],"location":{"line":214,"column":5},"meta":{}},{"ancestorTitles":["Cloud Architecture Component","Cloud Security Validation"],"fullName":"Cloud Architecture Component Cloud Security Validation should validate encryption settings","status":"passed","title":"should validate encryption settings","duration":0.4383000000007087,"failureMessages":[],"location":{"line":225,"column":5},"meta":{}},{"ancestorTitles":["Cloud Architecture Component","Cloud Network Architecture"],"fullName":"Cloud Architecture Component Cloud Network Architecture should validate VPC configuration","status":"passed","title":"should validate VPC configuration","duration":1.0870000000004438,"failureMessages":[],"location":{"line":239,"column":5},"meta":{}},{"ancestorTitles":["Cloud Architecture Component","Cloud Network Architecture"],"fullName":"Cloud Architecture Component Cloud Network Architecture should validate multi-AZ deployment","status":"passed","title":"should validate multi-AZ deployment","duration":0.7150999999994383,"failureMessages":[],"location":{"line":253,"column":5},"meta":{}},{"ancestorTitles":["Cloud Architecture Component","Cloud Network Architecture"],"fullName":"Cloud Architecture Component Cloud Network Architecture should calculate subnet requirements","status":"passed","title":"should calculate subnet requirements","duration":0.5429999999996653,"failureMessages":[],"location":{"line":263,"column":5},"meta":{}}],"startTime":1764618886137,"endTime":1764618886161.715,"status":"passed","message":"","name":"C:/Users/brand/Development/Project_Workspace/active-development/learn_comptia_network+/tests/unit/cloud.test.ts"},{"assertionResults":[{"ancestorTitles":["IPv4 Addressing Component","Subnet Calculations"],"fullName":"IPv4 Addressing Component Subnet Calculations should calculate /24 subnet correctly","status":"passed","title":"should calculate /24 subnet correctly","duration":4.1489999999994325,"failureMessages":[],"location":{"line":18,"column":5},"meta":{}},{"ancestorTitles":["IPv4 Addressing Component","Subnet Calculations"],"fullName":"IPv4 Addressing Component Subnet Calculations should calculate /26 subnet correctly","status":"passed","title":"should calculate /26 subnet correctly","duration":1.0567000000000917,"failureMessages":[],"location":{"line":30,"column":5},"meta":{}},{"ancestorTitles":["IPv4 Addressing Component","Subnet Calculations"],"fullName":"IPv4 Addressing Component Subnet Calculations should calculate /30 subnet for point-to-point","status":"passed","title":"should calculate /30 subnet for point-to-point","duration":0.6316999999999098,"failureMessages":[],"location":{"line":39,"column":5},"meta":{}},{"ancestorTitles":["IPv4 Addressing Component","Subnet Calculations"],"fullName":"IPv4 Addressing Component Subnet Calculations should calculate /8 Class A network","status":"passed","title":"should calculate /8 Class A network","duration":0.4936999999999898,"failureMessages":[],"location":{"line":48,"column":5},"meta":{}},{"ancestorTitles":["IPv4 Addressing Component","Subnet Calculations"],"fullName":"IPv4 Addressing Component Subnet Calculations should calculate /16 Class B network","status":"passed","title":"should calculate /16 Class B network","duration":0.8571000000001732,"failureMessages":[],"location":{"line":56,"column":5},"meta":{}},{"ancestorTitles":["IPv4 Addressing Component","CIDR and Subnet Mask Conversion"],"fullName":"IPv4 Addressing Component CIDR and Subnet Mask Conversion should convert CIDR to subnet mask","status":"passed","title":"should convert CIDR to subnet mask","duration":0.9241000000001804,"failureMessages":[],"location":{"line":66,"column":5},"meta":{}},{"ancestorTitles":["IPv4 Addressing Component","CIDR and Subnet Mask Conversion"],"fullName":"IPv4 Addressing Component CIDR and Subnet Mask Conversion should convert subnet mask to CIDR","status":"passed","title":"should convert subnet mask to CIDR","duration":0.7300999999997657,"failureMessages":[],"location":{"line":73,"column":5},"meta":{}},{"ancestorTitles":["IPv4 Addressing Component","CIDR and Subnet Mask Conversion"],"fullName":"IPv4 Addressing Component CIDR and Subnet Mask Conversion should handle edge case subnet masks","status":"passed","title":"should handle edge case subnet masks","duration":0.39180000000033033,"failureMessages":[],"location":{"line":80,"column":5},"meta":{}},{"ancestorTitles":["IPv4 Addressing Component","IP Address in Subnet Validation"],"fullName":"IPv4 Addressing Component IP Address in Subnet Validation should confirm IP is in subnet","status":"passed","title":"should confirm IP is in subnet","duration":1.0312000000003536,"failureMessages":[],"location":{"line":87,"column":5},"meta":{}},{"ancestorTitles":["IPv4 Addressing Component","IP Address in Subnet Validation"],"fullName":"IPv4 Addressing Component IP Address in Subnet Validation should confirm IP is not in subnet","status":"passed","title":"should confirm IP is not in subnet","duration":0.5272000000004482,"failureMessages":[],"location":{"line":93,"column":5},"meta":{}},{"ancestorTitles":["IPv4 Addressing Component","IP Address in Subnet Validation"],"fullName":"IPv4 Addressing Component IP Address in Subnet Validation should validate broadcast address","status":"passed","title":"should validate broadcast address","duration":0.5246999999999389,"failureMessages":[],"location":{"line":98,"column":5},"meta":{}},{"ancestorTitles":["IPv4 Addressing Component","IP Address in Subnet Validation"],"fullName":"IPv4 Addressing Component IP Address in Subnet Validation should validate network address","status":"passed","title":"should validate network address","duration":0.4705999999996493,"failureMessages":[],"location":{"line":103,"column":5},"meta":{}},{"ancestorTitles":["IPv4 Addressing Component","VLSM Calculations"],"fullName":"IPv4 Addressing Component VLSM Calculations should calculate VLSM for multiple subnet requirements","status":"passed","title":"should calculate VLSM for multiple subnet requirements","duration":4.470299999999952,"failureMessages":[],"location":{"line":110,"column":5},"meta":{}},{"ancestorTitles":["IPv4 Addressing Component","VLSM Calculations"],"fullName":"IPv4 Addressing Component VLSM Calculations should optimize address space usage","status":"passed","title":"should optimize address space usage","duration":1.194999999999709,"failureMessages":[],"location":{"line":120,"column":5},"meta":{}},{"ancestorTitles":["IPv4 Addressing Component","VLSM Calculations"],"fullName":"IPv4 Addressing Component VLSM Calculations should handle single large requirement","status":"passed","title":"should handle single large requirement","duration":1.1601000000000568,"failureMessages":[],"location":{"line":127,"column":5},"meta":{}},{"ancestorTitles":["IPv4 Addressing Component","VLSM Calculations"],"fullName":"IPv4 Addressing Component VLSM Calculations should sort requirements from largest to smallest","status":"passed","title":"should sort requirements from largest to smallest","duration":1.4868999999998778,"failureMessages":[],"location":{"line":134,"column":5},"meta":{}},{"ancestorTitles":["IPv4 Addressing Component","Network Splitting"],"fullName":"IPv4 Addressing Component Network Splitting should split /24 into four /26 subnets","status":"passed","title":"should split /24 into four /26 subnets","duration":4.852499999999964,"failureMessages":[],"location":{"line":145,"column":5},"meta":{}},{"ancestorTitles":["IPv4 Addressing Component","Network Splitting"],"fullName":"IPv4 Addressing Component Network Splitting should split /16 into 256 /24 subnets","status":"passed","title":"should split /16 into 256 /24 subnets","duration":0.623700000000099,"failureMessages":[],"location":{"line":155,"column":5},"meta":{}},{"ancestorTitles":["IPv4 Addressing Component","Network Splitting"],"fullName":"IPv4 Addressing Component Network Splitting should split network into /30 for point-to-point links","status":"passed","title":"should split network into /30 for point-to-point links","duration":0.8765000000003056,"failureMessages":[],"location":{"line":163,"column":5},"meta":{}},{"ancestorTitles":["IPv4 Addressing Component","IPv4 Troubleshooting Scenarios"],"fullName":"IPv4 Addressing Component IPv4 Troubleshooting Scenarios should detect subnet mismatch","status":"passed","title":"should detect subnet mismatch","duration":0.3742999999994936,"failureMessages":[],"location":{"line":175,"column":5},"meta":{}},{"ancestorTitles":["IPv4 Addressing Component","IPv4 Troubleshooting Scenarios"],"fullName":"IPv4 Addressing Component IPv4 Troubleshooting Scenarios should detect IP address conflict","status":"passed","title":"should detect IP address conflict","duration":0.363999999999578,"failureMessages":[],"location":{"line":186,"column":5},"meta":{}},{"ancestorTitles":["IPv4 Addressing Component","IPv4 Troubleshooting Scenarios"],"fullName":"IPv4 Addressing Component IPv4 Troubleshooting Scenarios should detect broadcast address assignment","status":"passed","title":"should detect broadcast address assignment","duration":0.46969999999964784,"failureMessages":[],"location":{"line":198,"column":5},"meta":{}},{"ancestorTitles":["IPv4 Addressing Component","IPv4 Troubleshooting Scenarios"],"fullName":"IPv4 Addressing Component IPv4 Troubleshooting Scenarios should detect network address assignment","status":"passed","title":"should detect network address assignment","duration":0.3061999999999898,"failureMessages":[],"location":{"line":210,"column":5},"meta":{}},{"ancestorTitles":["IPv4 Addressing Component","IPv4 Troubleshooting Scenarios"],"fullName":"IPv4 Addressing Component IPv4 Troubleshooting Scenarios should validate correct IP assignment","status":"passed","title":"should validate correct IP assignment","duration":0.2510000000002037,"failureMessages":[],"location":{"line":222,"column":5},"meta":{}},{"ancestorTitles":["IPv4 Addressing Component","Subnetting Practice Problems"],"fullName":"IPv4 Addressing Component Subnetting Practice Problems should determine number of subnets from borrowed bits","status":"passed","title":"should determine number of subnets from borrowed bits","duration":0.24210000000039145,"failureMessages":[],"location":{"line":235,"column":5},"meta":{}},{"ancestorTitles":["IPv4 Addressing Component","Subnetting Practice Problems"],"fullName":"IPv4 Addressing Component Subnetting Practice Problems should calculate hosts per subnet","status":"passed","title":"should calculate hosts per subnet","duration":0.20130000000062864,"failureMessages":[],"location":{"line":244,"column":5},"meta":{}},{"ancestorTitles":["IPv4 Addressing Component","Subnetting Practice Problems"],"fullName":"IPv4 Addressing Component Subnetting Practice Problems should find valid subnet for host count requirement","status":"passed","title":"should find valid subnet for host count requirement","duration":0.278599999999642,"failureMessages":[],"location":{"line":252,"column":5},"meta":{}}],"startTime":1764618885975,"endTime":1764618886007.2786,"status":"passed","message":"","name":"C:/Users/brand/Development/Project_Workspace/active-development/learn_comptia_network+/tests/unit/ipv4.test.ts"},{"assertionResults":[{"ancestorTitles":["Network Media and Connectors Component","Cable Type Validation"],"fullName":"Network Media and Connectors Component Cable Type Validation should validate Cat5e cable specifications","status":"passed","title":"should validate Cat5e cable specifications","duration":3.4913000000005923,"failureMessages":[],"location":{"line":10,"column":5},"meta":{}},{"ancestorTitles":["Network Media and Connectors Component","Cable Type Validation"],"fullName":"Network Media and Connectors Component Cable Type Validation should validate Cat6 cable specifications","status":"passed","title":"should validate Cat6 cable specifications","duration":0.824800000000323,"failureMessages":[],"location":{"line":24,"column":5},"meta":{}},{"ancestorTitles":["Network Media and Connectors Component","Cable Type Validation"],"fullName":"Network Media and Connectors Component Cable Type Validation should validate Cat6a cable specifications","status":"passed","title":"should validate Cat6a cable specifications","duration":0.7458999999998923,"failureMessages":[],"location":{"line":38,"column":5},"meta":{}},{"ancestorTitles":["Network Media and Connectors Component","Cable Type Validation"],"fullName":"Network Media and Connectors Component Cable Type Validation should validate fiber optic cable types","status":"passed","title":"should validate fiber optic cable types","duration":0.6173999999991793,"failureMessages":[],"location":{"line":52,"column":5},"meta":{}},{"ancestorTitles":["Network Media and Connectors Component","Connector Type Matching"],"fullName":"Network Media and Connectors Component Connector Type Matching should match RJ45 connectors to twisted pair cables","status":"passed","title":"should match RJ45 connectors to twisted pair cables","duration":2.123099999999795,"failureMessages":[],"location":{"line":74,"column":5},"meta":{}},{"ancestorTitles":["Network Media and Connectors Component","Connector Type Matching"],"fullName":"Network Media and Connectors Component Connector Type Matching should match LC connectors to fiber optic cables","status":"passed","title":"should match LC connectors to fiber optic cables","duration":19.535299999999552,"failureMessages":[],"location":{"line":85,"column":5},"meta":{}},{"ancestorTitles":["Network Media and Connectors Component","Connector Type Matching"],"fullName":"Network Media and Connectors Component Connector Type Matching should match SC connectors to fiber optic cables","status":"passed","title":"should match SC connectors to fiber optic cables","duration":2.5625,"failureMessages":[],"location":{"line":96,"column":5},"meta":{}},{"ancestorTitles":["Network Media and Connectors Component","Connector Type Matching"],"fullName":"Network Media and Connectors Component Connector Type Matching should validate connector and cable compatibility","status":"passed","title":"should validate connector and cable compatibility","duration":2.76299999999992,"failureMessages":[],"location":{"line":107,"column":5},"meta":{}},{"ancestorTitles":["Network Media and Connectors Component","Cable Selection Algorithm"],"fullName":"Network Media and Connectors Component Cable Selection Algorithm should recommend Cat5e for 100 Mbps over 90 meters","status":"passed","title":"should recommend Cat5e for 100 Mbps over 90 meters","duration":1.098800000000665,"failureMessages":[],"location":{"line":117,"column":5},"meta":{}},{"ancestorTitles":["Network Media and Connectors Component","Cable Selection Algorithm"],"fullName":"Network Media and Connectors Component Cable Selection Algorithm should recommend Cat6 for 1 Gbps over 50 meters","status":"passed","title":"should recommend Cat6 for 1 Gbps over 50 meters","duration":0.5113999999994121,"failureMessages":[],"location":{"line":129,"column":5},"meta":{}},{"ancestorTitles":["Network Media and Connectors Component","Cable Selection Algorithm"],"fullName":"Network Media and Connectors Component Cable Selection Algorithm should recommend Cat6a for 10 Gbps over 100 meters","status":"passed","title":"should recommend Cat6a for 10 Gbps over 100 meters","duration":0.4926999999997861,"failureMessages":[],"location":{"line":140,"column":5},"meta":{}},{"ancestorTitles":["Network Media and Connectors Component","Cable Selection Algorithm"],"fullName":"Network Media and Connectors Component Cable Selection Algorithm should recommend single-mode fiber for long distances","status":"passed","title":"should recommend single-mode fiber for long distances","duration":0.4717000000000553,"failureMessages":[],"location":{"line":151,"column":5},"meta":{}},{"ancestorTitles":["Network Media and Connectors Component","Cable Selection Algorithm"],"fullName":"Network Media and Connectors Component Cable Selection Algorithm should recommend multi-mode fiber for medium distances at high speed","status":"passed","title":"should recommend multi-mode fiber for medium distances at high speed","duration":0.327900000000227,"failureMessages":[],"location":{"line":163,"column":5},"meta":{}},{"ancestorTitles":["Network Media and Connectors Component","Transceiver Module Testing"],"fullName":"Network Media and Connectors Component Transceiver Module Testing should validate SFP module specifications","status":"passed","title":"should validate SFP module specifications","duration":0.38180000000011205,"failureMessages":[],"location":{"line":176,"column":5},"meta":{}},{"ancestorTitles":["Network Media and Connectors Component","Transceiver Module Testing"],"fullName":"Network Media and Connectors Component Transceiver Module Testing should validate SFP+ module specifications","status":"passed","title":"should validate SFP+ module specifications","duration":0.5882000000001426,"failureMessages":[],"location":{"line":189,"column":5},"meta":{}},{"ancestorTitles":["Network Media and Connectors Component","Transceiver Module Testing"],"fullName":"Network Media and Connectors Component Transceiver Module Testing should validate QSFP module specifications","status":"passed","title":"should validate QSFP module specifications","duration":0.33359999999993306,"failureMessages":[],"location":{"line":202,"column":5},"meta":{}},{"ancestorTitles":["Network Media and Connectors Component","Transceiver Module Testing"],"fullName":"Network Media and Connectors Component Transceiver Module Testing should match transceivers to cable types","status":"passed","title":"should match transceivers to cable types","duration":0.34280000000035216,"failureMessages":[],"location":{"line":214,"column":5},"meta":{}},{"ancestorTitles":["Network Media and Connectors Component","Physical Media Properties"],"fullName":"Network Media and Connectors Component Physical Media Properties should calculate signal attenuation over distance","status":"passed","title":"should calculate signal attenuation over distance","duration":0.6286000000000058,"failureMessages":[],"location":{"line":224,"column":5},"meta":{}},{"ancestorTitles":["Network Media and Connectors Component","Physical Media Properties"],"fullName":"Network Media and Connectors Component Physical Media Properties should calculate crosstalk for twisted pair cables","status":"passed","title":"should calculate crosstalk for twisted pair cables","duration":0.25939999999991414,"failureMessages":[],"location":{"line":230,"column":5},"meta":{}},{"ancestorTitles":["Network Media and Connectors Component","Physical Media Properties"],"fullName":"Network Media and Connectors Component Physical Media Properties should determine shielding requirements","status":"passed","title":"should determine shielding requirements","duration":0.26370000000042637,"failureMessages":[],"location":{"line":235,"column":5},"meta":{}},{"ancestorTitles":["Network Media and Connectors Component","Physical Media Properties"],"fullName":"Network Media and Connectors Component Physical Media Properties should calculate bandwidth capacity","status":"passed","title":"should calculate bandwidth capacity","duration":0.22340000000076543,"failureMessages":[],"location":{"line":243,"column":5},"meta":{}},{"ancestorTitles":["Network Media and Connectors Component","3D Connector Lab Simulation"],"fullName":"Network Media and Connectors Component 3D Connector Lab Simulation should validate correct connector insertion","status":"passed","title":"should validate correct connector insertion","duration":0.24939999999969586,"failureMessages":[],"location":{"line":252,"column":5},"meta":{}},{"ancestorTitles":["Network Media and Connectors Component","3D Connector Lab Simulation"],"fullName":"Network Media and Connectors Component 3D Connector Lab Simulation should detect incorrect connector orientation","status":"passed","title":"should detect incorrect connector orientation","duration":0.3263999999999214,"failureMessages":[],"location":{"line":263,"column":5},"meta":{}},{"ancestorTitles":["Network Media and Connectors Component","3D Connector Lab Simulation"],"fullName":"Network Media and Connectors Component 3D Connector Lab Simulation should prevent incompatible connector insertion","status":"passed","title":"should prevent incompatible connector insertion","duration":0.2466999999996915,"failureMessages":[],"location":{"line":275,"column":5},"meta":{}}],"startTime":1764618885971,"endTime":1764618886012.3264,"status":"passed","message":"","name":"C:/Users/brand/Development/Project_Workspace/active-development/learn_comptia_network+/tests/unit/media.test.ts"},{"assertionResults":[{"ancestorTitles":["Modern Technologies Component","IPv6 Addressing"],"fullName":"Modern Technologies Component IPv6 Addressing should validate IPv6 address format","status":"passed","title":"should validate IPv6 address format","duration":3.1138999999993757,"failureMessages":[],"location":{"line":10,"column":5},"meta":{}},{"ancestorTitles":["Modern Technologies Component","IPv6 Addressing"],"fullName":"Modern Technologies Component IPv6 Addressing should detect invalid IPv6 addresses","status":"passed","title":"should detect invalid IPv6 addresses","duration":0.7961999999997715,"failureMessages":[],"location":{"line":23,"column":5},"meta":{}},{"ancestorTitles":["Modern Technologies Component","IPv6 Addressing"],"fullName":"Modern Technologies Component IPv6 Addressing should compress IPv6 addresses correctly","status":"passed","title":"should compress IPv6 addresses correctly","duration":0.9799999999995634,"failureMessages":[],"location":{"line":36,"column":5},"meta":{}},{"ancestorTitles":["Modern Technologies Component","IPv6 Addressing"],"fullName":"Modern Technologies Component IPv6 Addressing should expand compressed IPv6 addresses","status":"passed","title":"should expand compressed IPv6 addresses","duration":0.9230000000006839,"failureMessages":[],"location":{"line":44,"column":5},"meta":{}},{"ancestorTitles":["Modern Technologies Component","IPv6 Addressing"],"fullName":"Modern Technologies Component IPv6 Addressing should identify IPv6 address types","status":"passed","title":"should identify IPv6 address types","duration":1.1505999999999403,"failureMessages":[],"location":{"line":51,"column":5},"meta":{}},{"ancestorTitles":["Modern Technologies Component","IPv6 Addressing"],"fullName":"Modern Technologies Component IPv6 Addressing should calculate IPv6 subnet","status":"passed","title":"should calculate IPv6 subnet","duration":24.738999999999578,"failureMessages":[],"location":{"line":58,"column":5},"meta":{}},{"ancestorTitles":["Modern Technologies Component","IPv4 to IPv6 Migration"],"fullName":"Modern Technologies Component IPv4 to IPv6 Migration should validate dual-stack configuration","status":"passed","title":"should validate dual-stack configuration","duration":0.6419999999998254,"failureMessages":[],"location":{"line":67,"column":5},"meta":{}},{"ancestorTitles":["Modern Technologies Component","IPv4 to IPv6 Migration"],"fullName":"Modern Technologies Component IPv4 to IPv6 Migration should generate 6to4 tunnel address","status":"passed","title":"should generate 6to4 tunnel address","duration":0.5552000000006956,"failureMessages":[],"location":{"line":81,"column":5},"meta":{}},{"ancestorTitles":["Modern Technologies Component","IPv4 to IPv6 Migration"],"fullName":"Modern Technologies Component IPv4 to IPv6 Migration should recommend migration strategy","status":"passed","title":"should recommend migration strategy","duration":0.6567999999997483,"failureMessages":[],"location":{"line":89,"column":5},"meta":{}},{"ancestorTitles":["Modern Technologies Component","IPv4 to IPv6 Migration"],"fullName":"Modern Technologies Component IPv4 to IPv6 Migration should calculate migration progress","status":"passed","title":"should calculate migration progress","duration":0.5058999999992011,"failureMessages":[],"location":{"line":103,"column":5},"meta":{}},{"ancestorTitles":["Modern Technologies Component","Software-Defined Networking (SDN)"],"fullName":"Modern Technologies Component Software-Defined Networking (SDN) should validate SDN controller configuration","status":"passed","title":"should validate SDN controller configuration","duration":0.8108000000001994,"failureMessages":[],"location":{"line":117,"column":5},"meta":{}},{"ancestorTitles":["Modern Technologies Component","Software-Defined Networking (SDN)"],"fullName":"Modern Technologies Component Software-Defined Networking (SDN) should simulate flow table entry","status":"passed","title":"should simulate flow table entry","duration":0.7636999999995169,"failureMessages":[],"location":{"line":129,"column":5},"meta":{}},{"ancestorTitles":["Modern Technologies Component","Software-Defined Networking (SDN)"],"fullName":"Modern Technologies Component Software-Defined Networking (SDN) should calculate SDN benefits","status":"passed","title":"should calculate SDN benefits","duration":0.4981999999999971,"failureMessages":[],"location":{"line":143,"column":5},"meta":{}},{"ancestorTitles":["Modern Technologies Component","Software-Defined Networking (SDN)"],"fullName":"Modern Technologies Component Software-Defined Networking (SDN) should validate network programmability","status":"passed","title":"should validate network programmability","duration":0.4385000000002037,"failureMessages":[],"location":{"line":162,"column":5},"meta":{}},{"ancestorTitles":["Modern Technologies Compon
[...]
{"ancestorTitles":["PortProtocolTrainer","Gamification"],"fullName":"PortProtocolTrainer Gamification should display XP progress","status":"passed","title":"should display XP progress","duration":14.987900000000081,"failureMessages":[],"location":{"line":218,"column":5},"meta":{}},{"ancestorTitles":["PortProtocolTrainer","Gamification"],"fullName":"PortProtocolTrainer Gamification should have an XP progress bar","status":"passed","title":"should have an XP progress bar","duration":20.53740000000016,"failureMessages":[],"location":{"line":224,"column":5},"meta":{}},{"ancestorTitles":["PortProtocolTrainer","Protocol Data"],"fullName":"PortProtocolTrainer Protocol Data should include exam-critical ports","status":"passed","title":"should include exam-critical ports","duration":9.321100000000115,"failureMessages":[],"location":{"line":237,"column":5},"meta":{}},{"ancestorTitles":["PortProtocolTrainer","Protocol Data"],"fullName":"PortProtocolTrainer Protocol Data should display security information","status":"passed","title":"should display security information","duration":16.68159999999989,"failureMessages":[],"location":{"line":248,"column":5},"meta":{}},{"ancestorTitles":["PortProtocolTrainer","Accessibility"],"fullName":"PortProtocolTrainer Accessibility should have accessible buttons","status":"passed","title":"should have accessible buttons","duration":36.631900000000314,"failureMessages":[],"location":{"line":263,"column":5},"meta":{}},{"ancestorTitles":["PortProtocolTrainer","Accessibility"],"fullName":"PortProtocolTrainer Accessibility should have heading structure","status":"passed","title":"should have heading structure","duration":35.84320000000025,"failureMessages":[],"location":{"line":275,"column":5},"meta":{}},{"ancestorTitles":["PortProtocolTrainer","Accessibility"],"fullName":"PortProtocolTrainer Accessibility should support keyboard navigation","status":"passed","title":"should support keyboard navigation","duration":30.533300000000054,"failureMessages":[],"location":{"line":282,"column":5},"meta":{}},{"ancestorTitles":["PortProtocolTrainer","Error Handling"],"fullName":"PortProtocolTrainer Error Handling should handle empty localStorage gracefully","status":"passed","title":"should handle empty localStorage gracefully","duration":13.456500000000233,"failureMessages":[],"location":{"line":296,"column":5},"meta":{}},{"ancestorTitles":["PortProtocolTrainer","Error Handling"],"fullName":"PortProtocolTrainer Error Handling should render with default values when no saved data","status":"passed","title":"should render with default values when no saved data","duration":16.70589999999993,"failureMessages":[],"location":{"line":302,"column":5},"meta":{}},{"ancestorTitles":["PortProtocolTrainer","UI State"],"fullName":"PortProtocolTrainer UI State should maintain state across mode switches","status":"passed","title":"should maintain state across mode switches","duration":60.67619999999988,"failureMessages":[],"location":{"line":318,"column":5},"meta":{}},{"ancestorTitles":["PortProtocolTrainer","UI State"],"fullName":"PortProtocolTrainer UI State should update stats display dynamically","status":"passed","title":"should update stats display dynamically","duration":11.914200000000164,"failureMessages":[],"location":{"line":333,"column":5},"meta":{}}],"startTime":1764618884271,"endTime":1764618885413.9143,"status":"passed","message":"","name":"C:/Users/brand/Development/Project_Workspace/active-development/learn_comptia_network+/tests/unit/protocols/PortProtocolTrainer.test.tsx"},{"assertionResults":[{"ancestorTitles":["appStore","Theme Management"],"fullName":"appStore Theme Management should initialize with light theme","status":"passed","title":"should initialize with light theme","duration":23.30239999999958,"failureMessages":[],"location":{"line":24,"column":5},"meta":{}},{"ancestorTitles":["appStore","Theme Management"],"fullName":"appStore Theme Management should set theme to dark","status":"passed","title":"should set theme to dark","duration":8.989599999999882,"failureMessages":[],"location":{"line":29,"column":5},"meta":{}},{"ancestorTitles":["appStore","Theme Management"],"fullName":"appStore Theme Management should toggle theme from light to dark","status":"passed","title":"should toggle theme from light to dark","duration":8.995899999999892,"failureMessages":[],"location":{"line":37,"column":5},"meta":{}},{"ancestorTitles":["appStore","Theme Management"],"fullName":"appStore Theme Management should toggle theme from dark to light","status":"passed","title":"should toggle theme from dark to light","duration":7.836800000000039,"failureMessages":[],"location":{"line":45,"column":5},"meta":{}},{"ancestorTitles":["appStore","Sidebar Management"],"fullName":"appStore Sidebar Management should initialize with sidebar open","status":"passed","title":"should initialize with sidebar open","duration":7.615599999999176,"failureMessages":[],"location":{"line":56,"column":5},"meta":{}},{"ancestorTitles":["appStore","Sidebar Management"],"fullName":"appStore Sidebar Management should set sidebar open state","status":"passed","title":"should set sidebar open state","duration":2.9098000000003594,"failureMessages":[],"location":{"line":61,"column":5},"meta":{}},{"ancestorTitles":["appStore","Sidebar Management"],"fullName":"appStore Sidebar Management should toggle sidebar from open to closed","status":"passed","title":"should toggle sidebar from open to closed","duration":2.385599999999613,"failureMessages":[],"location":{"line":69,"column":5},"meta":{}},{"ancestorTitles":["appStore","Sidebar Management"],"fullName":"appStore Sidebar Management should toggle sidebar from closed to open","status":"passed","title":"should toggle sidebar from closed to open","duration":2.880000000000109,"failureMessages":[],"location":{"line":77,"column":5},"meta":{}},{"ancestorTitles":["appStore","Search Query"],"fullName":"appStore Search Query should initialize with empty search query","status":"passed","title":"should initialize with empty search query","duration":3.8468000000002576,"failureMessages":[],"location":{"line":88,"column":5},"meta":{}},{"ancestorTitles":["appStore","Search Query"],"fullName":"appStore Search Query should update search query","status":"passed","title":"should update search query","duration":9.467800000000352,"failureMessages":[],"location":{"line":93,"column":5},"meta":{}},{"ancestorTitles":["appStore","Search Query"],"fullName":"appStore Search Query should clear search query","status":"passed","title":"should clear search query","duration":4.169100000000071,"failureMessages":[],"location":{"line":101,"column":5},"meta":{}},{"ancestorTitles":["appStore","Search Query"],"fullName":"appStore Search Query should handle special characters in search query","status":"passed","title":"should handle special characters in search query","duration":3.6642000000001644,"failureMessages":[],"location":{"line":110,"column":5},"meta":{}},{"ancestorTitles":["appStore","Current Route"],"fullName":"appStore Current Route should initialize with root route","status":"passed","title":"should initialize with root route","duration":2.3820999999998094,"failureMessages":[],"location":{"line":121,"column":5},"meta":{}},{"ancestorTitles":["appStore","Current Route"],"fullName":"appStore Current Route should update current route","status":"passed","title":"should update current route","duration":2.0380999999997584,"failureMessages":[],"location":{"line":126,"column":5},"meta":{}},{"ancestorTitles":["appStore","Current Route"],"fullName":"appStore Current Route should handle route changes","status":"passed","title":"should handle route changes","duration":2.3828999999996086,"failureMessages":[],"location":{"line":134,"column":5},"meta":{}},{"ancestorTitles":["appStore","User Preferences"],"fullName":"appStore User Preferences should initialize with default preferences","status":"passed","title":"should initialize with default preferences","duration":4.821700000000419,"failureMessages":[],"location":{"line":145,"column":5},"meta":{}},{"ancestorTitles":["appStore","User Preferences"],"fullName":"appStore User Preferences should update single preference","status":"passed","title":"should update single preference","duration":5.9637000000002445,"failureMessages":[],"location":{"line":155,"column":5},"meta":{}},{"ancestorTitles":["appStore","User Preferences"],"fullName":"appStore User Preferences should update multiple preferences","status":"passed","title":"should update multiple preferences","duration":7.232899999999972,"failureMessages":[],"location":{"line":164,"column":5},"meta":{}},{"ancestorTitles":["appStore","User Preferences"],"fullName":"appStore User Preferences should handle all font size options","status":"passed","title":"should handle all font size options","duration":5.580699999999524,"failureMessages":[],"location":{"line":176,"column":5},"meta":{}},{"ancestorTitles":["appStore","User Preferences"],"fullName":"appStore User Preferences should toggle sound effects preference","status":"passed","title":"should toggle sound effects preference","duration":3.024899999999434,"failureMessages":[],"location":{"line":188,"column":5},"meta":{}},{"ancestorTitles":["appStore","User Preferences"],"fullName":"appStore User Preferences should toggle auto-save preference","status":"passed","title":"should toggle auto-save preference","duration":3.379700000000412,"failureMessages":[],"location":{"line":201,"column":5},"meta":{}},{"ancestorTitles":["appStore","Persistence"],"fullName":"appStore Persistence should persist theme across store instances","status":"passed","title":"should persist theme across store instances","duration":2.891099999999824,"failureMessages":[],"location":{"line":211,"column":5},"meta":{}},{"ancestorTitles":["appStore","Persistence"],"fullName":"appStore Persistence should persist preferences across store instances","status":"passed","title":"should persist preferences across store instances","duration":3.0549000000000888,"failureMessages":[],"location":{"line":221,"column":5},"meta":{}},{"ancestorTitles":["appStore","Persistence"],"fullName":"appStore Persistence should not persist sidebar state","status":"passed","title":"should not persist sidebar state","duration":2.4854000000004817,"failureMessages":[],"location":{"line":232,"column":5},"meta":{}},{"ancestorTitles":["appStore","Persistence"],"fullName":"appStore Persistence should not persist search query","status":"passed","title":"should not persist search query","duration":11.242999999999483,"failureMessages":[],"location":{"line":247,"column":5},"meta":{}},{"ancestorTitles":["appStore","Edge Cases"],"fullName":"appStore Edge Cases should handle rapid theme toggles","status":"passed","title":"should handle rapid theme toggles","duration":2.4267999999992753,"failureMessages":[],"location":{"line":263,"column":5},"meta":{}},{"ancestorTitles":["appStore","Edge Cases"],"fullName":"appStore Edge Cases should handle empty string route","status":"passed","title":"should handle empty string route","duration":1.7991000000001804,"failureMessages":[],"location":{"line":274,"column":5},"meta":{}},{"ancestorTitles":["appStore","Edge Cases"],"fullName":"appStore Edge Cases should handle very long search queries","status":"passed","title":"should handle very long search queries","duration":1.7822000000005573,"failureMessages":[],"location":{"line":282,"column":5},"meta":{}},{"ancestorTitles":["appStore","Edge Cases"],"fullName":"appStore Edge Cases should handle multiple preference updates in sequence","status":"passed","title":"should handle multiple preference updates in sequence","duration":2.1575999999995474,"failureMessages":[],"location":{"line":291,"column":5},"meta":{}}],"startTime":1764618884247,"endTime":1764618884401.1577,"status":"passed","message":"","name":"C:/Users/brand/Development/Project_Workspace/active-development/learn_comptia_network+/tests/unit/stores/appStore.test.ts"},{"assertionResults":[{"ancestorTitles":["progressStore","Component Progress"],"fullName":"progressStore Component Progress should initialize with empty component progress","status":"passed","title":"should initialize with empty component progress","duration":41.71480000000065,"failureMessages":[],"location":{"line":18,"column":5},"meta":{}},{"ancestorTitles":["progressStore","Component Progress"],"fullName":"progressStore Component Progress should update component progress","status":"passed","title":"should update component progress","duration":7.727499999999964,"failureMessages":[],"location":{"line":23,"column":5},"meta":{}},{"ancestorTitles":["progressStore","Component Progress"],"fullName":"progressStore Component Progress should mark component as complete","status":"passed","title":"should mark component as complete","duration":5.727399999999761,"failureMessages":[],"location":{"line":39,"column":5},"meta":{}},{"ancestorTitles":["progressStore","Component Progress"],"fullName":"progressStore Component Progress should increment attempts when marking complete multiple times","status":"passed","title":"should increment attempts when marking complete multiple times","duration":4.770599999999831,"failureMessages":[],"location":{"line":51,"column":5},"meta":{}},{"ancestorTitles":["progressStore","Component Progress"],"fullName":"progressStore Component Progress should return undefined for non-existent component","status":"passed","title":"should return undefined for non-existent component","duration":6.783600000000661,"failureMessages":[],"location":{"line":64,"column":5},"meta":{}},{"ancestorTitles":["progressStore","Component Progress"],"fullName":"progressStore Component Progress should track time spent across multiple sessions","status":"passed","title":"should track time spent across multiple sessions","duration":10.346000000000458,"failureMessages":[],"location":{"line":70,"column":5},"meta":{}},{"ancestorTitles":["progressStore","Component Progress"],"fullName":"progressStore Component Progress should update lastVisited timestamp","status":"passed","title":"should update lastVisited timestamp","duration":5.8858000000000175,"failureMessages":[],"location":{"line":81,"column":5},"meta":{}},{"ancestorTitles":["progressStore","Category Progress"],"fullName":"progressStore Category Progress should calculate category progress with no components","status":"passed","title":"should calculate category progress with no components","duration":3.6981000000005224,"failureMessages":[],"location":{"line":98,"column":5},"meta":{}},{"ancestorTitles":["progressStore","Category Progress"],"fullName":"progressStore Category Progress should calculate category progress with completed components","status":"passed","title":"should calculate category progress with completed components","duration":3.6284999999998035,"failureMessages":[],"location":{"line":108,"column":5},"meta":{}},{"ancestorTitles":["progressStore","Category Progress"],"fullName":"progressStore Category Progress should calculate average score correctly","status":"passed","title":"should calculate average score correctly","duration":3.32799999999952,"failureMessages":[],"location":{"line":124,"column":5},"meta":{}},{"ancestorTitles":["progressStore","Category Progress"],"fullName":"progressStore Category Progress should handle mixed completed and incomplete components","status":"passed","title":"should handle mixed completed and incomplete components","duration":3.7285000000001673,"failureMessages":[],"location":{"line":136,"column":5},"meta":{}},{"ancestorTitles":["progressStore","Overall Progress"],"fullName":"progressStore Overall Progress should calculate overall progress with no completion","status":"passed","title":"should calculate overall progress with no completion","duration":5.731700000000274,"failureMessages":[],"location":{"line":153,"column":5},"meta":{}},{"ancestorTitles":["progressStore","Overall Progress"],"fullName":"progressStore Overall Progress should calculate overall progress with some completions","status":"passed","title":"should calculate overall progress with some completions","duration":11.343499999999949,"failureMessages":[],"location":{"line":163,"column":5},"meta":{}},{"ancestorTitles":["progressStore","Overall Progress"],"fullName":"progressStore Overall Progress should calculate 100% completion correctly","status":"passed","title":"should calculate 100% completion correctly","duration":8.33179999999993,"failureMessages":[],"location":{"line":177,"column":5},"meta":{}},{"ancestorTitles":["progressStore","Overall Progress"],"fullName":"progressStore Overall Progress should ignore incomplete components in score calculation","status":"passed","title":"should ignore incomplete components in score calculation","duration":2.8481999999994514,"failureMessages":[],"location":{"line":190,"column":5},"meta":{}},{"ancestorTitles":["progressStore","Reset Functions"],"fullName":"progressStore Reset Functions should reset all progress","status":"passed","title":"should reset all progress","duration":2.4007000000001426,"failureMessages":[],"location":{"line":206,"column":5},"meta":{}},{"ancestorTitles":["progressStore","Reset Functions"],"fullName":"progressStore Reset Functions should reset specific component progress","status":"passed","title":"should reset specific component progress","duration":2.5140999999994165,"failureMessages":[],"location":{"line":219,"column":5},"meta":{}},{"ancestorTitles":["progressStore","Reset Functions"],"fullName":"progressStore Reset Functions should handle resetting non-existent component","status":"passed","title":"should handle resetting non-existent component","duration":9.492400000000089,"failureMessages":[],"location":{"line":231,"column":5},"meta":{}},{"ancestorTitles":["progressStore","Persistence"],"fullName":"progressStore Persistence should persist component progress across store instances","status":"passed","title":"should persist component progress across store instances","duration":3.016700000000128,"failureMessages":[],"location":{"line":243,"column":5},"meta":{}},{"ancestorTitles":["progressStore","Edge Cases"],"fullName":"progressStore Edge Cases should handle score of 0","status":"passed","title":"should handle score of 0","duration":3.8252000000002226,"failureMessages":[],"location":{"line":257,"column":5},"meta":{}},{"ancestorTitles":["progressStore","Edge Cases"],"fullName":"progressStore Edge Cases should handle perfect score of 100","status":"passed","title":"should handle perfect score of 100","duration":3.6374000000005253,"failureMessages":[],"location":{"line":268,"column":5},"meta":{}},{"ancestorTitles":["progressStore","Edge Cases"],"fullName":"progressStore Edge Cases should handle zero time spent","status":"passed","title":"should handle zero time spent","duration":4.337900000000445,"failureMessages":[],"location":{"line":278,"column":5},"meta":{}},{"ancestorTitles":["progressStore","Edge Cases"],"fullName":"progressStore Edge Cases should handle very large time spent values","status":"passed","title":"should handle very large time spent values","duration":4.264000000000124,"failureMessages":[],"location":{"line":288,"column":5},"meta":{}},{"ancestorTitles":["progressStore","Edge Cases"],"fullName":"progressStore Edge Cases should handle component IDs with special characters","status":"passed","title":"should handle component IDs with special characters","duration":10.934100000000399,"failureMessages":[],"location":{"line":299,"column":5},"meta":{}},{"ancestorTitles":["progressStore","Edge Cases"],"fullName":"progressStore Edge Cases should handle rapid sequential updates","status":"passed","title":"should handle rapid sequential updates","duration":4.795599999999467,"failureMessages":[],"location":{"line":310,"column":5},"meta":{}}],"startTime":1764618884596,"endTime":1764618884773.7957,"status":"passed","message":"","name":"C:/Users/brand/Development/Project_Workspace/active-development/learn_comptia_network+/tests/unit/stores/progressStore.test.ts"}]}